{"/Users/simonbishop/Documents/projects/happner-client/index.js":{"path":"/Users/simonbishop/Documents/projects/happner-client/index.js","statementMap":{"0":{"start":{"line":1,"column":0},"end":{"line":1,"column":49}}},"fnMap":{},"branchMap":{},"s":{"0":1},"f":{},"b":{},"_coverageSchema":"43e27e138ebf9cfc5966b082cf9a028302ed4184","hash":"4b6002b68a93dace2b8928025e4b195335dd5bf8","contentHash":"ee605ae8ff39bda29b2f0d2c85a9c3052dd70fe2ab5dc7217d5ad57c403a3ab5"},"/Users/simonbishop/Documents/projects/happner-client/lib/happner-client.js":{"path":"/Users/simonbishop/Documents/projects/happner-client/lib/happner-client.js","statementMap":{"0":{"start":{"line":1,"column":0},"end":{"line":207,"column":90}},"1":{"start":{"line":13,"column":2},"end":{"line":48,"column":3}},"2":{"start":{"line":15,"column":4},"end":{"line":15,"column":42}},"3":{"start":{"line":17,"column":4},"end":{"line":17,"column":39}},"4":{"start":{"line":19,"column":4},"end":{"line":23,"column":6}},"5":{"start":{"line":20,"column":6},"end":{"line":22,"column":9}},"6":{"start":{"line":21,"column":8},"end":{"line":21,"column":66}},"7":{"start":{"line":25,"column":4},"end":{"line":25,"column":34}},"8":{"start":{"line":26,"column":4},"end":{"line":26,"column":28}},"9":{"start":{"line":27,"column":4},"end":{"line":27,"column":52}},"10":{"start":{"line":28,"column":4},"end":{"line":28,"column":56}},"11":{"start":{"line":29,"column":4},"end":{"line":29,"column":52}},"12":{"start":{"line":31,"column":4},"end":{"line":33,"column":6}},"13":{"start":{"line":35,"column":4},"end":{"line":35,"column":35}},"14":{"start":{"line":37,"column":4},"end":{"line":37,"column":50}},"15":{"start":{"line":38,"column":4},"end":{"line":38,"column":40}},"16":{"start":{"line":40,"column":4},"end":{"line":40,"column":34}},"17":{"start":{"line":41,"column":4},"end":{"line":41,"column":45}},"18":{"start":{"line":42,"column":4},"end":{"line":42,"column":33}},"19":{"start":{"line":44,"column":4},"end":{"line":44,"column":68}},"20":{"start":{"line":45,"column":4},"end":{"line":45,"column":72}},"21":{"start":{"line":46,"column":4},"end":{"line":46,"column":68}},"22":{"start":{"line":47,"column":4},"end":{"line":47,"column":33}},"23":{"start":{"line":51,"column":4},"end":{"line":51,"column":25}},"24":{"start":{"line":51,"column":15},"end":{"line":51,"column":25}},"25":{"start":{"line":53,"column":4},"end":{"line":53,"column":43}},"26":{"start":{"line":53,"column":19},"end":{"line":53,"column":43}},"27":{"start":{"line":55,"column":4},"end":{"line":55,"column":42}},"28":{"start":{"line":56,"column":4},"end":{"line":56,"column":59}},"29":{"start":{"line":57,"column":4},"end":{"line":57,"column":53}},"30":{"start":{"line":58,"column":4},"end":{"line":58,"column":76}},"31":{"start":{"line":59,"column":4},"end":{"line":59,"column":93}},"32":{"start":{"line":60,"column":4},"end":{"line":61,"column":80}},"33":{"start":{"line":62,"column":4},"end":{"line":63,"column":82}},"34":{"start":{"line":66,"column":2},"end":{"line":66,"column":40}},"35":{"start":{"line":68,"column":2},"end":{"line":70,"column":5}},"36":{"start":{"line":69,"column":4},"end":{"line":69,"column":61}},"37":{"start":{"line":72,"column":2},"end":{"line":77,"column":4}},"38":{"start":{"line":73,"column":4},"end":{"line":73,"column":43}},"39":{"start":{"line":75,"column":4},"end":{"line":75,"column":29}},"40":{"start":{"line":76,"column":4},"end":{"line":76,"column":31}},"41":{"start":{"line":79,"column":2},"end":{"line":81,"column":4}},"42":{"start":{"line":80,"column":4},"end":{"line":80,"column":36}},"43":{"start":{"line":83,"column":2},"end":{"line":96,"column":4}},"44":{"start":{"line":84,"column":16},"end":{"line":84,"column":20}},"45":{"start":{"line":85,"column":4},"end":{"line":85,"column":42}},"46":{"start":{"line":86,"column":4},"end":{"line":86,"column":48}},"47":{"start":{"line":87,"column":4},"end":{"line":95,"column":7}},"48":{"start":{"line":93,"column":6},"end":{"line":93,"column":60}},"49":{"start":{"line":94,"column":6},"end":{"line":94,"column":25}},"50":{"start":{"line":98,"column":2},"end":{"line":103,"column":4}},"51":{"start":{"line":100,"column":4},"end":{"line":100,"column":29}},"52":{"start":{"line":101,"column":4},"end":{"line":101,"column":52}},"53":{"start":{"line":102,"column":4},"end":{"line":102,"column":31}},"54":{"start":{"line":105,"column":2},"end":{"line":160,"column":4}},"55":{"start":{"line":106,"column":4},"end":{"line":106,"column":68}},"56":{"start":{"line":106,"column":35},"end":{"line":106,"column":68}},"57":{"start":{"line":108,"column":14},"end":{"line":111,"column":5}},"58":{"start":{"line":113,"column":25},"end":{"line":113,"column":43}},"59":{"start":{"line":114,"column":4},"end":{"line":157,"column":5}},"60":{"start":{"line":114,"column":17},"end":{"line":114,"column":18}},"61":{"start":{"line":115,"column":26},"end":{"line":115,"column":43}},"62":{"start":{"line":116,"column":22},"end":{"line":116,"column":42}},"63":{"start":{"line":118,"column":6},"end":{"line":118,"column":65}},"64":{"start":{"line":118,"column":30},"end":{"line":118,"column":65}},"65":{"start":{"line":122,"column":6},"end":{"line":122,"column":36}},"66":{"start":{"line":123,"column":6},"end":{"line":123,"column":63}},"67":{"start":{"line":127,"column":6},"end":{"line":132,"column":7}},"68":{"start":{"line":128,"column":8},"end":{"line":128,"column":61}},"69":{"start":{"line":128,"column":52},"end":{"line":128,"column":61}},"70":{"start":{"line":129,"column":8},"end":{"line":131,"column":9}},"71":{"start":{"line":130,"column":10},"end":{"line":130,"column":19}},"72":{"start":{"line":134,"column":6},"end":{"line":136,"column":7}},"73":{"start":{"line":135,"column":8},"end":{"line":135,"column":94}},"74":{"start":{"line":138,"column":6},"end":{"line":140,"column":8}},"75":{"start":{"line":142,"column":6},"end":{"line":146,"column":7}},"76":{"start":{"line":145,"column":8},"end":{"line":145,"column":52}},"77":{"start":{"line":148,"column":6},"end":{"line":148,"column":39}},"78":{"start":{"line":148,"column":30},"end":{"line":148,"column":39}},"79":{"start":{"line":150,"column":6},"end":{"line":150,"column":84}},"80":{"start":{"line":150,"column":49},"end":{"line":150,"column":84}},"81":{"start":{"line":152,"column":24},"end":{"line":152,"column":54}},"82":{"start":{"line":153,"column":6},"end":{"line":156,"column":7}},"83":{"start":{"line":153,"column":19},"end":{"line":153,"column":20}},"84":{"start":{"line":154,"column":25},"end":{"line":154,"column":39}},"85":{"start":{"line":155,"column":8},"end":{"line":155,"column":80}},"86":{"start":{"line":159,"column":4},"end":{"line":159,"column":15}},"87":{"start":{"line":162,"column":2},"end":{"line":176,"column":4}},"88":{"start":{"line":163,"column":16},"end":{"line":163,"column":20}},"89":{"start":{"line":164,"column":4},"end":{"line":175,"column":7}},"90":{"start":{"line":165,"column":17},"end":{"line":165,"column":54}},"91":{"start":{"line":166,"column":21},"end":{"line":166,"column":31}},"92":{"start":{"line":167,"column":6},"end":{"line":174,"column":8}},"93":{"start":{"line":178,"column":2},"end":{"line":206,"column":4}},"94":{"start":{"line":179,"column":16},"end":{"line":179,"column":20}},"95":{"start":{"line":180,"column":4},"end":{"line":187,"column":6}},"96":{"start":{"line":181,"column":6},"end":{"line":184,"column":10}},"97":{"start":{"line":182,"column":8},"end":{"line":184,"column":10}},"98":{"start":{"line":183,"column":10},"end":{"line":183,"column":68}},"99":{"start":{"line":183,"column":17},"end":{"line":183,"column":68}},"100":{"start":{"line":186,"column":6},"end":{"line":186,"column":83}},"101":{"start":{"line":189,"column":4},"end":{"line":196,"column":6}},"102":{"start":{"line":190,"column":6},"end":{"line":193,"column":10}},"103":{"start":{"line":191,"column":8},"end":{"line":193,"column":10}},"104":{"start":{"line":192,"column":10},"end":{"line":192,"column":71}},"105":{"start":{"line":192,"column":17},"end":{"line":192,"column":71}},"106":{"start":{"line":195,"column":6},"end":{"line":195,"column":51}},"107":{"start":{"line":198,"column":4},"end":{"line":205,"column":6}},"108":{"start":{"line":199,"column":6},"end":{"line":202,"column":10}},"109":{"start":{"line":200,"column":8},"end":{"line":202,"column":10}},"110":{"start":{"line":201,"column":10},"end":{"line":201,"column":72}},"111":{"start":{"line":201,"column":17},"end":{"line":201,"column":72}},"112":{"start":{"line":204,"column":6},"end":{"line":204,"column":71}}},"fnMap":{"0":{"name":"(anonymous_0)","decl":{"start":{"line":1,"column":1},"end":{"line":1,"column":2}},"loc":{"start":{"line":1,"column":21},"end":{"line":207,"column":1}},"line":1},"1":{"name":"(anonymous_1)","decl":{"start":{"line":19,"column":15},"end":{"line":19,"column":16}},"loc":{"start":{"line":19,"column":46},"end":{"line":23,"column":5}},"line":19},"2":{"name":"(anonymous_2)","decl":{"start":{"line":20,"column":48},"end":{"line":20,"column":49}},"loc":{"start":{"line":20,"column":65},"end":{"line":22,"column":7}},"line":20},"3":{"name":"HappnerClient","decl":{"start":{"line":50,"column":11},"end":{"line":50,"column":24}},"loc":{"start":{"line":50,"column":31},"end":{"line":64,"column":3}},"line":50},"4":{"name":"(anonymous_4)","decl":{"start":{"line":68,"column":54},"end":{"line":68,"column":55}},"loc":{"start":{"line":68,"column":94},"end":{"line":70,"column":3}},"line":68},"5":{"name":"(anonymous_5)","decl":{"start":{"line":72,"column":39},"end":{"line":72,"column":40}},"loc":{"start":{"line":72,"column":58},"end":{"line":77,"column":3}},"line":72},"6":{"name":"(anonymous_6)","decl":{"start":{"line":79,"column":39},"end":{"line":79,"column":40}},"loc":{"start":{"line":79,"column":50},"end":{"line":81,"column":3}},"line":79},"7":{"name":"(anonymous_7)","decl":{"start":{"line":83,"column":34},"end":{"line":83,"column":35}},"loc":{"start":{"line":83,"column":57},"end":{"line":96,"column":3}},"line":83},"8":{"name":"(anonymous_8)","decl":{"start":{"line":87,"column":48},"end":{"line":87,"column":49}},"loc":{"start":{"line":87,"column":60},"end":{"line":95,"column":5}},"line":87},"9":{"name":"(anonymous_9)","decl":{"start":{"line":98,"column":36},"end":{"line":98,"column":37}},"loc":{"start":{"line":98,"column":47},"end":{"line":103,"column":3}},"line":98},"10":{"name":"(anonymous_10)","decl":{"start":{"line":105,"column":38},"end":{"line":105,"column":39}},"loc":{"start":{"line":105,"column":62},"end":{"line":160,"column":3}},"line":105},"11":{"name":"(anonymous_11)","decl":{"start":{"line":162,"column":44},"end":{"line":162,"column":45}},"loc":{"start":{"line":162,"column":94},"end":{"line":176,"column":3}},"line":162},"12":{"name":"(anonymous_12)","decl":{"start":{"line":164,"column":56},"end":{"line":164,"column":57}},"loc":{"start":{"line":164,"column":67},"end":{"line":175,"column":5}},"line":164},"13":{"name":"(anonymous_13)","decl":{"start":{"line":178,"column":41},"end":{"line":178,"column":42}},"loc":{"start":{"line":178,"column":79},"end":{"line":206,"column":3}},"line":178},"14":{"name":"(anonymous_14)","decl":{"start":{"line":180,"column":34},"end":{"line":180,"column":35}},"loc":{"start":{"line":180,"column":67},"end":{"line":187,"column":5}},"line":180},"15":{"name":"(anonymous_15)","decl":{"start":{"line":182,"column":19},"end":{"line":182,"column":20}},"loc":{"start":{"line":182,"column":31},"end":{"line":184,"column":9}},"line":182},"16":{"name":"(anonymous_16)","decl":{"start":{"line":189,"column":35},"end":{"line":189,"column":36}},"loc":{"start":{"line":189,"column":58},"end":{"line":196,"column":5}},"line":189},"17":{"name":"(anonymous_17)","decl":{"start":{"line":191,"column":19},"end":{"line":191,"column":20}},"loc":{"start":{"line":191,"column":31},"end":{"line":193,"column":9}},"line":191},"18":{"name":"(anonymous_18)","decl":{"start":{"line":198,"column":39},"end":{"line":198,"column":40}},"loc":{"start":{"line":198,"column":63},"end":{"line":205,"column":5}},"line":198},"19":{"name":"(anonymous_19)","decl":{"start":{"line":200,"column":19},"end":{"line":200,"column":20}},"loc":{"start":{"line":200,"column":31},"end":{"line":202,"column":9}},"line":200}},"branchMap":{"0":{"loc":{"start":{"line":13,"column":2},"end":{"line":48,"column":3}},"type":"if","locations":[{"start":{"line":13,"column":2},"end":{"line":48,"column":3}},{"start":{"line":13,"column":2},"end":{"line":48,"column":3}}],"line":13},"1":{"loc":{"start":{"line":51,"column":4},"end":{"line":51,"column":25}},"type":"if","locations":[{"start":{"line":51,"column":4},"end":{"line":51,"column":25}},{"start":{"line":51,"column":4},"end":{"line":51,"column":25}}],"line":51},"2":{"loc":{"start":{"line":53,"column":4},"end":{"line":53,"column":43}},"type":"if","locations":[{"start":{"line":53,"column":4},"end":{"line":53,"column":43}},{"start":{"line":53,"column":4},"end":{"line":53,"column":43}}],"line":53},"3":{"loc":{"start":{"line":55,"column":20},"end":{"line":55,"column":41}},"type":"binary-expr","locations":[{"start":{"line":55,"column":20},"end":{"line":55,"column":31}},{"start":{"line":55,"column":35},"end":{"line":55,"column":41}}],"line":55},"4":{"loc":{"start":{"line":61,"column":6},"end":{"line":61,"column":79}},"type":"cond-expr","locations":[{"start":{"line":61,"column":48},"end":{"line":61,"column":67}},{"start":{"line":61,"column":70},"end":{"line":61,"column":79}}],"line":61},"5":{"loc":{"start":{"line":63,"column":6},"end":{"line":63,"column":81}},"type":"cond-expr","locations":[{"start":{"line":63,"column":49},"end":{"line":63,"column":69}},{"start":{"line":63,"column":72},"end":{"line":63,"column":81}}],"line":63},"6":{"loc":{"start":{"line":106,"column":4},"end":{"line":106,"column":68}},"type":"if","locations":[{"start":{"line":106,"column":4},"end":{"line":106,"column":68}},{"start":{"line":106,"column":4},"end":{"line":106,"column":68}}],"line":106},"7":{"loc":{"start":{"line":108,"column":14},"end":{"line":111,"column":5}},"type":"binary-expr","locations":[{"start":{"line":108,"column":14},"end":{"line":108,"column":20}},{"start":{"line":108,"column":24},"end":{"line":111,"column":5}}],"line":108},"8":{"loc":{"start":{"line":118,"column":6},"end":{"line":118,"column":65}},"type":"if","locations":[{"start":{"line":118,"column":6},"end":{"line":118,"column":65}},{"start":{"line":118,"column":6},"end":{"line":118,"column":65}}],"line":118},"9":{"loc":{"start":{"line":127,"column":6},"end":{"line":132,"column":7}},"type":"if","locations":[{"start":{"line":127,"column":6},"end":{"line":132,"column":7}},{"start":{"line":127,"column":6},"end":{"line":132,"column":7}}],"line":127},"10":{"loc":{"start":{"line":128,"column":8},"end":{"line":128,"column":61}},"type":"if","locations":[{"start":{"line":128,"column":8},"end":{"line":128,"column":61}},{"start":{"line":128,"column":8},"end":{"line":128,"column":61}}],"line":128},"11":{"loc":{"start":{"line":129,"column":8},"end":{"line":131,"column":9}},"type":"if","locations":[{"start":{"line":129,"column":8},"end":{"line":131,"column":9}},{"start":{"line":129,"column":8},"end":{"line":131,"column":9}}],"line":129},"12":{"loc":{"start":{"line":134,"column":6},"end":{"line":136,"column":7}},"type":"if","locations":[{"start":{"line":134,"column":6},"end":{"line":136,"column":7}},{"start":{"line":134,"column":6},"end":{"line":136,"column":7}}],"line":134},"13":{"loc":{"start":{"line":142,"column":6},"end":{"line":146,"column":7}},"type":"if","locations":[{"start":{"line":142,"column":6},"end":{"line":146,"column":7}},{"start":{"line":142,"column":6},"end":{"line":146,"column":7}}],"line":142},"14":{"loc":{"start":{"line":148,"column":6},"end":{"line":148,"column":39}},"type":"if","locations":[{"start":{"line":148,"column":6},"end":{"line":148,"column":39}},{"start":{"line":148,"column":6},"end":{"line":148,"column":39}}],"line":148},"15":{"loc":{"start":{"line":150,"column":6},"end":{"line":150,"column":84}},"type":"if","locations":[{"start":{"line":150,"column":6},"end":{"line":150,"column":84}},{"start":{"line":150,"column":6},"end":{"line":150,"column":84}}],"line":150},"16":{"loc":{"start":{"line":173,"column":8},"end":{"line":173,"column":40}},"type":"binary-expr","locations":[{"start":{"line":173,"column":8},"end":{"line":173,"column":20}},{"start":{"line":173,"column":24},"end":{"line":173,"column":40}}],"line":173},"17":{"loc":{"start":{"line":181,"column":6},"end":{"line":184,"column":10}},"type":"if","locations":[{"start":{"line":181,"column":6},"end":{"line":184,"column":10}},{"start":{"line":181,"column":6},"end":{"line":184,"column":10}}],"line":181},"18":{"loc":{"start":{"line":183,"column":10},"end":{"line":183,"column":68}},"type":"if","locations":[{"start":{"line":183,"column":10},"end":{"line":183,"column":68}},{"start":{"line":183,"column":10},"end":{"line":183,"column":68}}],"line":183},"19":{"loc":{"start":{"line":190,"column":6},"end":{"line":193,"column":10}},"type":"if","locations":[{"start":{"line":190,"column":6},"end":{"line":193,"column":10}},{"start":{"line":190,"column":6},"end":{"line":193,"column":10}}],"line":190},"20":{"loc":{"start":{"line":192,"column":10},"end":{"line":192,"column":71}},"type":"if","locations":[{"start":{"line":192,"column":10},"end":{"line":192,"column":71}},{"start":{"line":192,"column":10},"end":{"line":192,"column":71}}],"line":192},"21":{"loc":{"start":{"line":199,"column":6},"end":{"line":202,"column":10}},"type":"if","locations":[{"start":{"line":199,"column":6},"end":{"line":202,"column":10}},{"start":{"line":199,"column":6},"end":{"line":202,"column":10}}],"line":199},"22":{"loc":{"start":{"line":201,"column":10},"end":{"line":201,"column":72}},"type":"if","locations":[{"start":{"line":201,"column":10},"end":{"line":201,"column":72}},{"start":{"line":201,"column":10},"end":{"line":201,"column":72}}],"line":201},"23":{"loc":{"start":{"line":207,"column":3},"end":{"line":207,"column":88}},"type":"cond-expr","locations":[{"start":{"line":207,"column":76},"end":{"line":207,"column":81}},{"start":{"line":207,"column":84},"end":{"line":207,"column":88}}],"line":207},"24":{"loc":{"start":{"line":207,"column":3},"end":{"line":207,"column":73}},"type":"binary-expr","locations":[{"start":{"line":207,"column":3},"end":{"line":207,"column":32}},{"start":{"line":207,"column":36},"end":{"line":207,"column":73}}],"line":207}},"s":{"0":1,"1":1,"2":0,"3":0,"4":0,"5":0,"6":0,"7":0,"8":0,"9":0,"10":0,"11":0,"12":0,"13":1,"14":1,"15":1,"16":1,"17":1,"18":1,"19":1,"20":1,"21":1,"22":1,"23":28,"24":28,"25":28,"26":0,"27":28,"28":28,"29":28,"30":28,"31":28,"32":28,"33":28,"34":1,"35":1,"36":14,"37":1,"38":13,"39":13,"40":13,"41":1,"42":5,"43":1,"44":1,"45":1,"46":1,"47":1,"48":0,"49":0,"50":1,"51":0,"52":0,"53":0,"54":1,"55":19,"56":0,"57":19,"58":19,"59":19,"60":19,"61":28,"62":28,"63":28,"64":1,"65":27,"66":27,"67":27,"68":2,"69":0,"70":2,"71":1,"72":26,"73":5,"74":26,"75":26,"76":5,"77":26,"78":2,"79":24,"80":0,"81":24,"82":24,"83":24,"84":47,"85":47,"86":18,"87":1,"88":47,"89":47,"90":33,"91":33,"92":33,"93":1,"94":27,"95":27,"96":10,"97":4,"98":4,"99":0,"100":10,"101":27,"102":2,"103":0,"104":0,"105":0,"106":2,"107":27,"108":2,"109":0,"110":0,"111":0,"112":2},"f":{"0":1,"1":0,"2":0,"3":28,"4":14,"5":13,"6":5,"7":1,"8":0,"9":0,"10":19,"11":47,"12":33,"13":27,"14":10,"15":4,"16":2,"17":0,"18":2,"19":0},"b":{"0":[0,1],"1":[28,0],"2":[0,28],"3":[28,28],"4":[0,28],"5":[0,28],"6":[0,19],"7":[19,16],"8":[1,27],"9":[2,25],"10":[0,2],"11":[1,1],"12":[5,21],"13":[5,21],"14":[2,24],"15":[0,24],"16":[33,33],"17":[4,6],"18":[0,4],"19":[0,2],"20":[0,0],"21":[0,2],"22":[0,0],"23":[1,0],"24":[1,1]},"_coverageSchema":"43e27e138ebf9cfc5966b082cf9a028302ed4184","hash":"9e22bd1a80acf2d056951be0cff6d8a5533fdd3d","contentHash":"3ad3922c70d1d59177cc4489408885186b4ef490cf0c2b9f4ac6881d4f4f49db"},"/Users/simonbishop/Documents/projects/happner-client/lib/utils/promisify.js":{"path":"/Users/simonbishop/Documents/projects/happner-client/lib/utils/promisify.js","statementMap":{"0":{"start":{"line":1,"column":0},"end":{"line":29,"column":2}},"1":{"start":{"line":2,"column":2},"end":{"line":28,"column":4}},"2":{"start":{"line":3,"column":15},"end":{"line":3,"column":52}},"3":{"start":{"line":4,"column":16},"end":{"line":4,"column":20}},"4":{"start":{"line":7,"column":4},"end":{"line":9,"column":5}},"5":{"start":{"line":8,"column":6},"end":{"line":8,"column":48}},"6":{"start":{"line":11,"column":4},"end":{"line":27,"column":7}},"7":{"start":{"line":13,"column":6},"end":{"line":21,"column":9}},"8":{"start":{"line":14,"column":8},"end":{"line":14,"column":40}},"9":{"start":{"line":14,"column":19},"end":{"line":14,"column":40}},"10":{"start":{"line":15,"column":8},"end":{"line":19,"column":9}},"11":{"start":{"line":16,"column":21},"end":{"line":16,"column":58}},"12":{"start":{"line":17,"column":10},"end":{"line":17,"column":23}},"13":{"start":{"line":18,"column":10},"end":{"line":18,"column":31}},"14":{"start":{"line":20,"column":8},"end":{"line":20,"column":31}},"15":{"start":{"line":22,"column":6},"end":{"line":26,"column":7}},"16":{"start":{"line":23,"column":8},"end":{"line":23,"column":51}},"17":{"start":{"line":25,"column":8},"end":{"line":25,"column":29}}},"fnMap":{"0":{"name":"Promisify","decl":{"start":{"line":1,"column":26},"end":{"line":1,"column":35}},"loc":{"start":{"line":1,"column":54},"end":{"line":29,"column":1}},"line":1},"1":{"name":"(anonymous_1)","decl":{"start":{"line":2,"column":9},"end":{"line":2,"column":10}},"loc":{"start":{"line":2,"column":20},"end":{"line":28,"column":3}},"line":2},"2":{"name":"(anonymous_2)","decl":{"start":{"line":11,"column":23},"end":{"line":11,"column":24}},"loc":{"start":{"line":11,"column":49},"end":{"line":27,"column":5}},"line":11},"3":{"name":"(anonymous_3)","decl":{"start":{"line":13,"column":16},"end":{"line":13,"column":17}},"loc":{"start":{"line":13,"column":46},"end":{"line":21,"column":7}},"line":13}},"branchMap":{"0":{"loc":{"start":{"line":7,"column":4},"end":{"line":9,"column":5}},"type":"if","locations":[{"start":{"line":7,"column":4},"end":{"line":9,"column":5}},{"start":{"line":7,"column":4},"end":{"line":9,"column":5}}],"line":7},"1":{"loc":{"start":{"line":14,"column":8},"end":{"line":14,"column":40}},"type":"if","locations":[{"start":{"line":14,"column":8},"end":{"line":14,"column":40}},{"start":{"line":14,"column":8},"end":{"line":14,"column":40}}],"line":14},"2":{"loc":{"start":{"line":15,"column":8},"end":{"line":19,"column":9}},"type":"if","locations":[{"start":{"line":15,"column":8},"end":{"line":19,"column":9}},{"start":{"line":15,"column":8},"end":{"line":19,"column":9}}],"line":15}},"s":{"0":1,"1":47,"2":33,"3":33,"4":33,"5":21,"6":12,"7":12,"8":11,"9":6,"10":5,"11":2,"12":2,"13":2,"14":3,"15":12,"16":12,"17":0},"f":{"0":47,"1":33,"2":12,"3":11},"b":{"0":[21,12],"1":[6,5],"2":[2,3]},"_coverageSchema":"43e27e138ebf9cfc5966b082cf9a028302ed4184","hash":"37742fefb350871a3c9f27ceea51d55bacc62aca","contentHash":"616dd2528f737ddfc578d27e965e32056c58bd389e4d50778f207ac21feaa035"},"/Users/simonbishop/Documents/projects/happner-client/lib/semver.js":{"path":"/Users/simonbishop/Documents/projects/happner-client/lib/semver.js","statementMap":{"0":{"start":{"line":4,"column":0},"end":{"line":1188,"column":90}},"1":{"start":{"line":7,"column":2},"end":{"line":11,"column":3}},"2":{"start":{"line":8,"column":4},"end":{"line":8,"column":38}},"3":{"start":{"line":10,"column":4},"end":{"line":10,"column":38}},"4":{"start":{"line":13,"column":2},"end":{"line":13,"column":24}},"5":{"start":{"line":17,"column":2},"end":{"line":17,"column":40}},"6":{"start":{"line":19,"column":19},"end":{"line":19,"column":22}},"7":{"start":{"line":20,"column":25},"end":{"line":20,"column":68}},"8":{"start":{"line":23,"column":12},"end":{"line":23,"column":27}},"9":{"start":{"line":24,"column":13},"end":{"line":24,"column":29}},"10":{"start":{"line":25,"column":10},"end":{"line":25,"column":11}},"11":{"start":{"line":33,"column":26},"end":{"line":33,"column":29}},"12":{"start":{"line":34,"column":2},"end":{"line":34,"column":41}},"13":{"start":{"line":35,"column":31},"end":{"line":35,"column":34}},"14":{"start":{"line":36,"column":2},"end":{"line":36,"column":41}},"15":{"start":{"line":42,"column":29},"end":{"line":42,"column":32}},"16":{"start":{"line":43,"column":2},"end":{"line":43,"column":59}},"17":{"start":{"line":48,"column":20},"end":{"line":48,"column":23}},"18":{"start":{"line":49,"column":2},"end":{"line":58,"column":8}},"19":{"start":{"line":60,"column":25},"end":{"line":60,"column":28}},"20":{"start":{"line":61,"column":2},"end":{"line":70,"column":8}},"21":{"start":{"line":75,"column":29},"end":{"line":75,"column":32}},"22":{"start":{"line":76,"column":2},"end":{"line":77,"column":75}},"23":{"start":{"line":79,"column":34},"end":{"line":79,"column":37}},"24":{"start":{"line":80,"column":2},"end":{"line":81,"column":80}},"25":{"start":{"line":87,"column":19},"end":{"line":87,"column":22}},"26":{"start":{"line":88,"column":2},"end":{"line":89,"column":88}},"27":{"start":{"line":91,"column":24},"end":{"line":91,"column":27}},"28":{"start":{"line":92,"column":2},"end":{"line":93,"column":99}},"29":{"start":{"line":98,"column":24},"end":{"line":98,"column":27}},"30":{"start":{"line":99,"column":2},"end":{"line":99,"column":41}},"31":{"start":{"line":105,"column":14},"end":{"line":105,"column":17}},"32":{"start":{"line":106,"column":2},"end":{"line":106,"column":91}},"33":{"start":{"line":117,"column":13},"end":{"line":117,"column":16}},"34":{"start":{"line":118,"column":18},"end":{"line":118,"column":84}},"35":{"start":{"line":120,"column":2},"end":{"line":120,"column":36}},"36":{"start":{"line":126,"column":4},"end":{"line":126,"column":86}},"37":{"start":{"line":128,"column":14},"end":{"line":128,"column":17}},"38":{"start":{"line":129,"column":2},"end":{"line":129,"column":38}},"39":{"start":{"line":131,"column":13},"end":{"line":131,"column":16}},"40":{"start":{"line":132,"column":2},"end":{"line":132,"column":29}},"41":{"start":{"line":137,"column":30},"end":{"line":137,"column":33}},"42":{"start":{"line":138,"column":2},"end":{"line":138,"column":72}},"43":{"start":{"line":139,"column":25},"end":{"line":139,"column":28}},"44":{"start":{"line":140,"column":2},"end":{"line":140,"column":62}},"45":{"start":{"line":142,"column":20},"end":{"line":142,"column":23}},"46":{"start":{"line":143,"column":2},"end":{"line":158,"column":11}},"47":{"start":{"line":160,"column":25},"end":{"line":160,"column":28}},"48":{"start":{"line":161,"column":2},"end":{"line":176,"column":11}},"49":{"start":{"line":178,"column":15},"end":{"line":178,"column":18}},"50":{"start":{"line":179,"column":2},"end":{"line":179,"column":66}},"51":{"start":{"line":180,"column":20},"end":{"line":180,"column":23}},"52":{"start":{"line":181,"column":2},"end":{"line":181,"column":76}},"53":{"start":{"line":185,"column":18},"end":{"line":185,"column":21}},"54":{"start":{"line":186,"column":2},"end":{"line":186,"column":29}},"55":{"start":{"line":188,"column":18},"end":{"line":188,"column":21}},"56":{"start":{"line":189,"column":2},"end":{"line":189,"column":54}},"57":{"start":{"line":190,"column":2},"end":{"line":190,"column":50}},"58":{"start":{"line":191,"column":25},"end":{"line":191,"column":30}},"59":{"start":{"line":193,"column":14},"end":{"line":193,"column":17}},"60":{"start":{"line":194,"column":2},"end":{"line":194,"column":61}},"61":{"start":{"line":195,"column":19},"end":{"line":195,"column":22}},"62":{"start":{"line":196,"column":2},"end":{"line":196,"column":71}},"63":{"start":{"line":200,"column":18},"end":{"line":200,"column":21}},"64":{"start":{"line":201,"column":2},"end":{"line":201,"column":29}},"65":{"start":{"line":203,"column":18},"end":{"line":203,"column":21}},"66":{"start":{"line":204,"column":2},"end":{"line":204,"column":54}},"67":{"start":{"line":205,"column":2},"end":{"line":205,"column":50}},"68":{"start":{"line":206,"column":25},"end":{"line":206,"column":30}},"69":{"start":{"line":208,"column":14},"end":{"line":208,"column":17}},"70":{"start":{"line":209,"column":2},"end":{"line":209,"column":61}},"71":{"start":{"line":210,"column":19},"end":{"line":210,"column":22}},"72":{"start":{"line":211,"column":2},"end":{"line":211,"column":71}},"73":{"start":{"line":214,"column":24},"end":{"line":214,"column":27}},"74":{"start":{"line":215,"column":2},"end":{"line":215,"column":74}},"75":{"start":{"line":216,"column":19},"end":{"line":216,"column":22}},"76":{"start":{"line":217,"column":2},"end":{"line":217,"column":68}},"77":{"start":{"line":221,"column":23},"end":{"line":221,"column":26}},"78":{"start":{"line":222,"column":2},"end":{"line":222,"column":99}},"79":{"start":{"line":225,"column":2},"end":{"line":225,"column":60}},"80":{"start":{"line":226,"column":30},"end":{"line":226,"column":38}},"81":{"start":{"line":232,"column":20},"end":{"line":232,"column":23}},"82":{"start":{"line":233,"column":2},"end":{"line":234,"column":93}},"83":{"start":{"line":236,"column":25},"end":{"line":236,"column":28}},"84":{"start":{"line":237,"column":2},"end":{"line":245,"column":12}},"85":{"start":{"line":248,"column":13},"end":{"line":248,"column":16}},"86":{"start":{"line":249,"column":2},"end":{"line":249,"column":32}},"87":{"start":{"line":253,"column":2},"end":{"line":256,"column":3}},"88":{"start":{"line":253,"column":15},"end":{"line":253,"column":16}},"89":{"start":{"line":254,"column":4},"end":{"line":254,"column":21}},"90":{"start":{"line":255,"column":4},"end":{"line":255,"column":43}},"91":{"start":{"line":255,"column":16},"end":{"line":255,"column":43}},"92":{"start":{"line":258,"column":2},"end":{"line":258,"column":24}},"93":{"start":{"line":260,"column":4},"end":{"line":260,"column":50}},"94":{"start":{"line":260,"column":35},"end":{"line":260,"column":50}},"95":{"start":{"line":262,"column":4},"end":{"line":262,"column":49}},"96":{"start":{"line":262,"column":37},"end":{"line":262,"column":49}},"97":{"start":{"line":264,"column":4},"end":{"line":264,"column":49}},"98":{"start":{"line":264,"column":37},"end":{"line":264,"column":49}},"99":{"start":{"line":266,"column":12},"end":{"line":266,"column":40}},"100":{"start":{"line":267,"column":4},"end":{"line":267,"column":38}},"101":{"start":{"line":267,"column":26},"end":{"line":267,"column":38}},"102":{"start":{"line":269,"column":4},"end":{"line":273,"column":5}},"103":{"start":{"line":270,"column":6},"end":{"line":270,"column":40}},"104":{"start":{"line":272,"column":6},"end":{"line":272,"column":18}},"105":{"start":{"line":276,"column":2},"end":{"line":276,"column":24}},"106":{"start":{"line":278,"column":12},"end":{"line":278,"column":33}},"107":{"start":{"line":279,"column":4},"end":{"line":279,"column":32}},"108":{"start":{"line":282,"column":2},"end":{"line":282,"column":24}},"109":{"start":{"line":284,"column":12},"end":{"line":284,"column":62}},"110":{"start":{"line":285,"column":4},"end":{"line":285,"column":32}},"111":{"start":{"line":288,"column":2},"end":{"line":288,"column":26}},"112":{"start":{"line":291,"column":4},"end":{"line":296,"column":5}},"113":{"start":{"line":292,"column":6},"end":{"line":293,"column":37}},"114":{"start":{"line":292,"column":35},"end":{"line":292,"column":50}},"115":{"start":{"line":293,"column":11},"end":{"line":293,"column":37}},"116":{"start":{"line":294,"column":11},"end":{"line":296,"column":5}},"117":{"start":{"line":295,"column":6},"end":{"line":295,"column":57}},"118":{"start":{"line":298,"column":4},"end":{"line":299,"column":82}},"119":{"start":{"line":299,"column":6},"end":{"line":299,"column":82}},"120":{"start":{"line":301,"column":4},"end":{"line":301,"column":69}},"121":{"start":{"line":301,"column":35},"end":{"line":301,"column":69}},"122":{"start":{"line":303,"column":4},"end":{"line":303,"column":36}},"123":{"start":{"line":304,"column":4},"end":{"line":304,"column":23}},"124":{"start":{"line":305,"column":12},"end":{"line":305,"column":62}},"125":{"start":{"line":307,"column":4},"end":{"line":307,"column":63}},"126":{"start":{"line":307,"column":12},"end":{"line":307,"column":63}},"127":{"start":{"line":309,"column":4},"end":{"line":309,"column":23}},"128":{"start":{"line":312,"column":4},"end":{"line":312,"column":23}},"129":{"start":{"line":313,"column":4},"end":{"line":313,"column":23}},"130":{"start":{"line":314,"column":4},"end":{"line":314,"column":23}},"131":{"start":{"line":316,"column":4},"end":{"line":317,"column":51}},"132":{"start":{"line":317,"column":6},"end":{"line":317,"column":51}},"133":{"start":{"line":319,"column":4},"end":{"line":320,"column":51}},"134":{"start":{"line":320,"column":6},"end":{"line":320,"column":51}},"135":{"start":{"line":322,"column":4},"end":{"line":323,"column":51}},"136":{"start":{"line":323,"column":6},"end":{"line":323,"column":51}},"137":{"start":{"line":326,"column":4},"end":{"line":334,"column":9}},"138":{"start":{"line":326,"column":15},"end":{"line":326,"column":36}},"139":{"start":{"line":328,"column":6},"end":{"line":334,"column":9}},"140":{"start":{"line":329,"column":8},"end":{"line":332,"column":9}},"141":{"start":{"line":330,"column":20},"end":{"line":330,"column":23}},"142":{"start":{"line":331,"column":10},"end":{"line":331,"column":61}},"143":{"start":{"line":331,"column":50},"end":{"line":331,"column":61}},"144":{"start":{"line":333,"column":8},"end":{"line":333,"column":18}},"145":{"start":{"line":336,"column":4},"end":{"line":336,"column":45}},"146":{"start":{"line":337,"column":4},"end":{"line":337,"column":18}},"147":{"start":{"line":340,"column":2},"end":{"line":344,"column":4}},"148":{"start":{"line":341,"column":4},"end":{"line":341,"column":68}},"149":{"start":{"line":342,"column":4},"end":{"line":342,"column":80}},"150":{"start":{"line":342,"column":32},"end":{"line":342,"column":80}},"151":{"start":{"line":343,"column":4},"end":{"line":343,"column":24}},"152":{"start":{"line":346,"column":2},"end":{"line":348,"column":4}},"153":{"start":{"line":347,"column":4},"end":{"line":347,"column":24}},"154":{"start":{"line":350,"column":2},"end":{"line":355,"column":4}},"155":{"start":{"line":351,"column":4},"end":{"line":351,"column":61}},"156":{"start":{"line":352,"column":4},"end":{"line":352,"column":74}},"157":{"start":{"line":352,"column":36},"end":{"line":352,"column":74}},"158":{"start":{"line":354,"column":4},"end":{"line":354,"column":61}},"159":{"start":{"line":357,"column":2},"end":{"line":365,"column":4}},"160":{"start":{"line":358,"column":4},"end":{"line":358,"column":74}},"161":{"start":{"line":358,"column":36},"end":{"line":358,"column":74}},"162":{"start":{"line":360,"column":4},"end":{"line":364,"column":6}},"163":{"start":{"line":367,"column":2},"end":{"line":386,"column":4}},"164":{"start":{"line":368,"column":4},"end":{"line":368,"column":74}},"165":{"start":{"line":368,"column":36},"end":{"line":368,"column":74}},"166":{"start":{"line":371,"column":4},"end":{"line":373,"column":75}},"167":{"start":{"line":371,"column":60},"end":{"line":371,"column":70}},"168":{"start":{"line":372,"column":9},"end":{"line":373,"column":75}},"169":{"start":{"line":372,"column":65},"end":{"line":372,"column":74}},"170":{"start":{"line":373,"column":9},"end":{"line":373,"column":75}},"171":{"start":{"line":373,"column":66},"end":{"line":373,"column":75}},"172":{"start":{"line":375,"column":12},"end":{"line":375,"column":13}},"173":{"start":{"line":376,"column":4},"end":{"line":385,"column":18}},"174":{"start":{"line":377,"column":14},"end":{"line":377,"column":32}},"175":{"start":{"line":378,"column":14},"end":{"line":378,"column":33}},"176":{"start":{"line":379,"column":6},"end":{"line":379,"column":43}},"177":{"start":{"line":380,"column":6},"end":{"line":384,"column":43}},"178":{"start":{"line":380,"column":46},"end":{"line":380,"column":55}},"179":{"start":{"line":381,"column":11},"end":{"line":384,"column":43}},"180":{"start":{"line":381,"column":32},"end":{"line":381,"column":41}},"181":{"start":{"line":382,"column":11},"end":{"line":384,"column":43}},"182":{"start":{"line":382,"column":32},"end":{"line":382,"column":42}},"183":{"start":{"line":383,"column":11},"end":{"line":384,"column":43}},"184":{"start":{"line":383,"column":24},"end":{"line":383,"column":33}},"185":{"start":{"line":384,"column":11},"end":{"line":384,"column":43}},"186":{"start":{"line":390,"column":2},"end":{"line":478,"column":4}},"187":{"start":{"line":391,"column":4},"end":{"line":474,"column":5}},"188":{"start":{"line":393,"column":8},"end":{"line":393,"column":35}},"189":{"start":{"line":394,"column":8},"end":{"line":394,"column":23}},"190":{"start":{"line":395,"column":8},"end":{"line":395,"column":23}},"191":{"start":{"line":396,"column":8},"end":{"line":396,"column":21}},"192":{"start":{"line":397,"column":8},"end":{"line":397,"column":36}},"193":{"start":{"line":398,"column":8},"end":{"line":398,"column":14}},"194":{"start":{"line":400,"column":8},"end":{"line":400,"column":35}},"195":{"start":{"line":401,"column":8},"end":{"line":401,"column":23}},"196":{"start":{"line":402,"column":8},"end":{"line":402,"column":21}},"197":{"start":{"line":403,"column":8},"end":{"line":403,"column":36}},"198":{"start":{"line":404,"column":8},"end":{"line":404,"column":14}},"199":{"start":{"line":409,"column":8},"end":{"line":409,"column":35}},"200":{"start":{"line":410,"column":8},"end":{"line":410,"column":38}},"201":{"start":{"line":411,"column":8},"end":{"line":411,"column":36}},"202":{"start":{"line":412,"column":8},"end":{"line":412,"column":14}},"203":{"start":{"line":416,"column":8},"end":{"line":416,"column":72}},"204":{"start":{"line":416,"column":42},"end":{"line":416,"column":72}},"205":{"start":{"line":417,"column":8},"end":{"line":417,"column":36}},"206":{"start":{"line":418,"column":8},"end":{"line":418,"column":14}},"207":{"start":{"line":425,"column":8},"end":{"line":425,"column":95}},"208":{"start":{"line":425,"column":82},"end":{"line":425,"column":95}},"209":{"start":{"line":426,"column":8},"end":{"line":426,"column":23}},"210":{"start":{"line":427,"column":8},"end":{"line":427,"column":23}},"211":{"start":{"line":428,"column":8},"end":{"line":428,"column":29}},"212":{"start":{"line":429,"column":8},"end":{"line":429,"column":14}},"213":{"start":{"line":435,"column":8},"end":{"line":435,"column":75}},"214":{"start":{"line":435,"column":62},"end":{"line":435,"column":75}},"215":{"start":{"line":436,"column":8},"end":{"line":436,"column":23}},"216":{"start":{"line":437,"column":8},"end":{"line":437,"column":29}},"217":{"start":{"line":438,"column":8},"end":{"line":438,"column":14}},"218":{"start":{"line":444,"column":8},"end":{"line":444,"column":55}},"219":{"start":{"line":444,"column":42},"end":{"line":444,"column":55}},"220":{"start":{"line":445,"column":8},"end":{"line":445,"column":29}},"221":{"start":{"line":446,"column":8},"end":{"line":446,"column":14}},"222":{"start":{"line":450,"column":8},"end":{"line":462,"column":9}},"223":{"start":{"line":450,"column":42},"end":{"line":450,"column":64}},"224":{"start":{"line":452,"column":18},"end":{"line":452,"column":40}},"225":{"start":{"line":453,"column":10},"end":{"line":458,"column":11}},"226":{"start":{"line":454,"column":12},"end":{"line":457,"column":13}},"227":{"start":{"line":455,"column":14},"end":{"line":455,"column":35}},"228":{"start":{"line":456,"column":14},"end":{"line":456,"column":21}},"229":{"start":{"line":459,"column":10},"end":{"line":461,"column":36}},"230":{"start":{"line":461,"column":12},"end":{"line":461,"column":36}},"231":{"start":{"line":463,"column":8},"end":{"line":469,"column":9}},"232":{"start":{"line":466,"column":10},"end":{"line":468,"column":51}},"233":{"start":{"line":467,"column":12},"end":{"line":467,"column":77}},"234":{"start":{"line":467,"column":43},"end":{"line":467,"column":77}},"235":{"start":{"line":468,"column":17},"end":{"line":468,"column":51}},"236":{"start":{"line":470,"column":8},"end":{"line":470,"column":14}},"237":{"start":{"line":473,"column":8},"end":{"line":473,"column":66}},"238":{"start":{"line":475,"column":4},"end":{"line":475,"column":18}},"239":{"start":{"line":476,"column":4},"end":{"line":476,"column":28}},"240":{"start":{"line":477,"column":4},"end":{"line":477,"column":16}},"241":{"start":{"line":480,"column":2},"end":{"line":480,"column":20}},"242":{"start":{"line":482,"column":4},"end":{"line":485,"column":5}},"243":{"start":{"line":483,"column":6},"end":{"line":483,"column":25}},"244":{"start":{"line":484,"column":6},"end":{"line":484,"column":24}},"245":{"start":{"line":487,"column":4},"end":{"line":491,"column":5}},"246":{"start":{"line":488,"column":6},"end":{"line":488,"column":73}},"247":{"start":{"line":490,"column":6},"end":{"line":490,"column":18}},"248":{"start":{"line":494,"column":2},"end":{"line":494,"column":22}},"249":{"start":{"line":496,"column":4},"end":{"line":518,"column":5}},"250":{"start":{"line":497,"column":6},"end":{"line":497,"column":18}},"251":{"start":{"line":499,"column":15},"end":{"line":499,"column":30}},"252":{"start":{"line":500,"column":15},"end":{"line":500,"column":30}},"253":{"start":{"line":501,"column":6},"end":{"line":510,"column":7}},"254":{"start":{"line":502,"column":8},"end":{"line":508,"column":9}},"255":{"start":{"line":503,"column":10},"end":{"line":507,"column":11}},"256":{"start":{"line":504,"column":12},"end":{"line":506,"column":13}},"257":{"start":{"line":505,"column":14},"end":{"line":505,"column":33}},"258":{"start":{"line":509,"column":8},"end":{"line":509,"column":28}},"259":{"start":{"line":511,"column":6},"end":{"line":517,"column":7}},"260":{"start":{"line":512,"column":8},"end":{"line":516,"column":9}},"261":{"start":{"line":513,"column":10},"end":{"line":515,"column":11}},"262":{"start":{"line":514,"column":12},"end":{"line":514,"column":23}},"263":{"start":{"line":521,"column":2},"end":{"line":521,"column":50}},"264":{"start":{"line":523,"column":16},"end":{"line":523,"column":26}},"265":{"start":{"line":526,"column":15},"end":{"line":526,"column":30}},"266":{"start":{"line":527,"column":15},"end":{"line":527,"column":30}},"267":{"start":{"line":529,"column":4},"end":{"line":532,"column":5}},"268":{"start":{"line":530,"column":6},"end":{"line":530,"column":13}},"269":{"start":{"line":531,"column":6},"end":{"line":531,"column":13}},"270":{"start":{"line":534,"column":4},"end":{"line":534,"column":79}},"271":{"start":{"line":537,"column":2},"end":{"line":537,"column":52}},"272":{"start":{"line":539,"column":4},"end":{"line":539,"column":36}},"273":{"start":{"line":542,"column":2},"end":{"line":542,"column":24}},"274":{"start":{"line":544,"column":4},"end":{"line":544,"column":38}},"275":{"start":{"line":547,"column":2},"end":{"line":547,"column":24}},"276":{"start":{"line":549,"column":4},"end":{"line":549,"column":38}},"277":{"start":{"line":552,"column":2},"end":{"line":552,"column":24}},"278":{"start":{"line":554,"column":4},"end":{"line":554,"column":38}},"279":{"start":{"line":557,"column":2},"end":{"line":557,"column":28}},"280":{"start":{"line":559,"column":4},"end":{"line":559,"column":43}},"281":{"start":{"line":562,"column":2},"end":{"line":562,"column":38}},"282":{"start":{"line":564,"column":4},"end":{"line":564,"column":31}},"283":{"start":{"line":567,"column":2},"end":{"line":567,"column":30}},"284":{"start":{"line":569,"column":4},"end":{"line":569,"column":32}},"285":{"start":{"line":572,"column":2},"end":{"line":572,"column":22}},"286":{"start":{"line":574,"column":4},"end":{"line":576,"column":7}},"287":{"start":{"line":575,"column":6},"end":{"line":575,"column":42}},"288":{"start":{"line":579,"column":2},"end":{"line":579,"column":24}},"289":{"start":{"line":581,"column":4},"end":{"line":583,"column":7}},"290":{"start":{"line":582,"column":6},"end":{"line":582,"column":43}},"291":{"start":{"line":586,"column":2},"end":{"line":586,"column":18}},"292":{"start":{"line":588,"column":4},"end":{"line":588,"column":36}},"293":{"start":{"line":591,"column":2},"end":{"line":591,"column":18}},"294":{"start":{"line":593,"column":4},"end":{"line":593,"column":36}},"295":{"start":{"line":596,"column":2},"end":{"line":596,"column":18}},"296":{"start":{"line":598,"column":4},"end":{"line":598,"column":38}},"297":{"start":{"line":601,"column":2},"end":{"line":601,"column":20}},"298":{"start":{"line":603,"column":4},"end":{"line":603,"column":38}},"299":{"start":{"line":606,"column":2},"end":{"line":606,"column":20}},"300":{"start":{"line":608,"column":4},"end":{"line":608,"column":37}},"301":{"start":{"line":611,"column":2},"end":{"line":611,"column":20}},"302":{"start":{"line":613,"column":4},"end":{"line":613,"column":37}},"303":{"start":{"line":616,"column":2},"end":{"line":616,"column":20}},"304":{"start":{"line":619,"column":4},"end":{"line":652,"column":5}},"305":{"start":{"line":621,"column":8},"end":{"line":621,"column":49}},"306":{"start":{"line":621,"column":35},"end":{"line":621,"column":49}},"307":{"start":{"line":622,"column":8},"end":{"line":622,"column":49}},"308":{"start":{"line":622,"column":35},"end":{"line":622,"column":49}},"309":{"start":{"line":623,"column":8},"end":{"line":623,"column":22}},"310":{"start":{"line":624,"column":8},"end":{"line":624,"column":14}},"311":{"start":{"line":626,"column":8},"end":{"line":626,"column":49}},"312":{"start":{"line":626,"column":35},"end":{"line":626,"column":49}},"313":{"start":{"line":627,"column":8},"end":{"line":627,"column":49}},"314":{"start":{"line":627,"column":35},"end":{"line":627,"column":49}},"315":{"start":{"line":628,"column":8},"end":{"line":628,"column":22}},"316":{"start":{"line":629,"column":8},"end":{"line":629,"column":14}},"317":{"start":{"line":633,"column":8},"end":{"line":633,"column":30}},"318":{"start":{"line":634,"column":8},"end":{"line":634,"column":14}},"319":{"start":{"line":636,"column":8},"end":{"line":636,"column":31}},"320":{"start":{"line":637,"column":8},"end":{"line":637,"column":14}},"321":{"start":{"line":639,"column":8},"end":{"line":639,"column":30}},"322":{"start":{"line":640,"column":8},"end":{"line":640,"column":14}},"323":{"start":{"line":642,"column":8},"end":{"line":642,"column":31}},"324":{"start":{"line":643,"column":8},"end":{"line":643,"column":14}},"325":{"start":{"line":645,"column":8},"end":{"line":645,"column":30}},"326":{"start":{"line":646,"column":8},"end":{"line":646,"column":14}},"327":{"start":{"line":648,"column":8},"end":{"line":648,"column":31}},"328":{"start":{"line":649,"column":8},"end":{"line":649,"column":14}},"329":{"start":{"line":651,"column":8},"end":{"line":651,"column":55}},"330":{"start":{"line":653,"column":4},"end":{"line":653,"column":15}},"331":{"start":{"line":656,"column":2},"end":{"line":656,"column":34}},"332":{"start":{"line":658,"column":4},"end":{"line":661,"column":5}},"333":{"start":{"line":659,"column":6},"end":{"line":660,"column":29}},"334":{"start":{"line":659,"column":32},"end":{"line":659,"column":44}},"335":{"start":{"line":660,"column":11},"end":{"line":660,"column":29}},"336":{"start":{"line":663,"column":4},"end":{"line":663,"column":74}},"337":{"start":{"line":663,"column":39},"end":{"line":663,"column":74}},"338":{"start":{"line":665,"column":4},"end":{"line":665,"column":37}},"339":{"start":{"line":666,"column":4},"end":{"line":666,"column":23}},"340":{"start":{"line":667,"column":4},"end":{"line":667,"column":21}},"341":{"start":{"line":669,"column":4},"end":{"line":670,"column":58}},"342":{"start":{"line":669,"column":29},"end":{"line":669,"column":45}},"343":{"start":{"line":670,"column":9},"end":{"line":670,"column":58}},"344":{"start":{"line":672,"column":4},"end":{"line":672,"column":24}},"345":{"start":{"line":675,"column":12},"end":{"line":675,"column":14}},"346":{"start":{"line":676,"column":2},"end":{"line":688,"column":4}},"347":{"start":{"line":677,"column":12},"end":{"line":677,"column":61}},"348":{"start":{"line":678,"column":12},"end":{"line":678,"column":25}},"349":{"start":{"line":680,"column":4},"end":{"line":680,"column":63}},"350":{"start":{"line":680,"column":12},"end":{"line":680,"column":63}},"351":{"start":{"line":682,"column":4},"end":{"line":682,"column":25}},"352":{"start":{"line":683,"column":4},"end":{"line":683,"column":50}},"353":{"start":{"line":683,"column":31},"end":{"line":683,"column":50}},"354":{"start":{"line":686,"column":4},"end":{"line":687,"column":52}},"355":{"start":{"line":686,"column":15},"end":{"line":686,"column":33}},"356":{"start":{"line":687,"column":9},"end":{"line":687,"column":52}},"357":{"start":{"line":690,"column":2},"end":{"line":692,"column":4}},"358":{"start":{"line":691,"column":4},"end":{"line":691,"column":22}},"359":{"start":{"line":694,"column":2},"end":{"line":702,"column":4}},"360":{"start":{"line":695,"column":4},"end":{"line":695,"column":50}},"361":{"start":{"line":697,"column":4},"end":{"line":697,"column":41}},"362":{"start":{"line":697,"column":29},"end":{"line":697,"column":41}},"363":{"start":{"line":699,"column":4},"end":{"line":699,"column":79}},"364":{"start":{"line":699,"column":37},"end":{"line":699,"column":79}},"365":{"start":{"line":701,"column":4},"end":{"line":701,"column":64}},"366":{"start":{"line":704,"column":2},"end":{"line":704,"column":24}},"367":{"start":{"line":706,"column":4},"end":{"line":706,"column":70}},"368":{"start":{"line":706,"column":57},"end":{"line":706,"column":70}},"369":{"start":{"line":708,"column":4},"end":{"line":708,"column":65}},"370":{"start":{"line":708,"column":34},"end":{"line":708,"column":65}},"371":{"start":{"line":710,"column":4},"end":{"line":710,"column":23}},"372":{"start":{"line":713,"column":4},"end":{"line":713,"column":21}},"373":{"start":{"line":714,"column":4},"end":{"line":722,"column":9}},"374":{"start":{"line":717,"column":8},"end":{"line":717,"column":45}},"375":{"start":{"line":721,"column":8},"end":{"line":721,"column":24}},"376":{"start":{"line":724,"column":4},"end":{"line":726,"column":5}},"377":{"start":{"line":725,"column":6},"end":{"line":725,"column":60}},"378":{"start":{"line":728,"column":4},"end":{"line":728,"column":18}},"379":{"start":{"line":731,"column":2},"end":{"line":739,"column":4}},"380":{"start":{"line":732,"column":4},"end":{"line":737,"column":14}},"381":{"start":{"line":734,"column":8},"end":{"line":734,"column":38}},"382":{"start":{"line":738,"column":4},"end":{"line":738,"column":22}},"383":{"start":{"line":741,"column":2},"end":{"line":743,"column":4}},"384":{"start":{"line":742,"column":4},"end":{"line":742,"column":22}},"385":{"start":{"line":745,"column":2},"end":{"line":788,"column":4}},"386":{"start":{"line":746,"column":16},"end":{"line":746,"column":26}},"387":{"start":{"line":747,"column":4},"end":{"line":747,"column":25}},"388":{"start":{"line":748,"column":4},"end":{"line":748,"column":33}},"389":{"start":{"line":750,"column":13},"end":{"line":750,"column":59}},"390":{"start":{"line":751,"column":4},"end":{"line":751,"column":45}},"391":{"start":{"line":752,"column":4},"end":{"line":752,"column":35}},"392":{"start":{"line":754,"column":4},"end":{"line":754,"column":69}},"393":{"start":{"line":755,"column":4},"end":{"line":755,"column":56}},"394":{"start":{"line":758,"column":4},"end":{"line":758,"column":59}},"395":{"start":{"line":761,"column":4},"end":{"line":761,"column":59}},"396":{"start":{"line":764,"column":4},"end":{"line":764,"column":41}},"397":{"start":{"line":769,"column":17},"end":{"line":769,"column":61}},"398":{"start":{"line":770,"column":14},"end":{"line":776,"column":19}},"399":{"start":{"line":773,"column":8},"end":{"line":773,"column":44}},"400":{"start":{"line":777,"column":4},"end":{"line":782,"column":5}},"401":{"start":{"line":779,"column":6},"end":{"line":781,"column":9}},"402":{"start":{"line":780,"column":8},"end":{"line":780,"column":36}},"403":{"start":{"line":783,"column":4},"end":{"line":785,"column":7}},"404":{"start":{"line":784,"column":6},"end":{"line":784,"column":41}},"405":{"start":{"line":787,"column":4},"end":{"line":787,"column":15}},"406":{"start":{"line":791,"column":2},"end":{"line":791,"column":40}},"407":{"start":{"line":793,"column":4},"end":{"line":801,"column":7}},"408":{"start":{"line":794,"column":6},"end":{"line":800,"column":20}},"409":{"start":{"line":796,"column":10},"end":{"line":796,"column":25}},"410":{"start":{"line":808,"column":4},"end":{"line":808,"column":24}},"411":{"start":{"line":809,"column":4},"end":{"line":809,"column":38}},"412":{"start":{"line":810,"column":4},"end":{"line":810,"column":25}},"413":{"start":{"line":811,"column":4},"end":{"line":811,"column":38}},"414":{"start":{"line":812,"column":4},"end":{"line":812,"column":26}},"415":{"start":{"line":813,"column":4},"end":{"line":813,"column":39}},"416":{"start":{"line":814,"column":4},"end":{"line":814,"column":26}},"417":{"start":{"line":815,"column":4},"end":{"line":815,"column":37}},"418":{"start":{"line":816,"column":4},"end":{"line":816,"column":25}},"419":{"start":{"line":817,"column":4},"end":{"line":817,"column":16}},"420":{"start":{"line":821,"column":4},"end":{"line":821,"column":57}},"421":{"start":{"line":831,"column":4},"end":{"line":837,"column":17}},"422":{"start":{"line":835,"column":8},"end":{"line":835,"column":41}},"423":{"start":{"line":841,"column":12},"end":{"line":841,"column":46}},"424":{"start":{"line":842,"column":4},"end":{"line":861,"column":7}},"425":{"start":{"line":843,"column":6},"end":{"line":843,"column":43}},"426":{"start":{"line":846,"column":6},"end":{"line":857,"column":81}},"427":{"start":{"line":846,"column":18},"end":{"line":846,"column":27}},"428":{"start":{"line":847,"column":11},"end":{"line":857,"column":81}},"429":{"start":{"line":847,"column":23},"end":{"line":847,"column":69}},"430":{"start":{"line":848,"column":11},"end":{"line":857,"column":81}},"431":{"start":{"line":850,"column":8},"end":{"line":850,"column":70}},"432":{"start":{"line":851,"column":11},"end":{"line":857,"column":81}},"433":{"start":{"line":852,"column":8},"end":{"line":852,"column":37}},"434":{"start":{"line":853,"column":8},"end":{"line":853,"column":48}},"435":{"start":{"line":853,"column":34},"end":{"line":853,"column":48}},"436":{"start":{"line":854,"column":8},"end":{"line":854,"column":83}},"437":{"start":{"line":857,"column":11},"end":{"line":857,"column":81}},"438":{"start":{"line":859,"column":6},"end":{"line":859,"column":33}},"439":{"start":{"line":860,"column":6},"end":{"line":860,"column":17}},"440":{"start":{"line":871,"column":4},"end":{"line":877,"column":17}},"441":{"start":{"line":875,"column":8},"end":{"line":875,"column":41}},"442":{"start":{"line":881,"column":4},"end":{"line":881,"column":32}},"443":{"start":{"line":882,"column":12},"end":{"line":882,"column":46}},"444":{"start":{"line":883,"column":4},"end":{"line":910,"column":7}},"445":{"start":{"line":884,"column":6},"end":{"line":884,"column":43}},"446":{"start":{"line":887,"column":6},"end":{"line":906,"column":7}},"447":{"start":{"line":887,"column":18},"end":{"line":887,"column":27}},"448":{"start":{"line":888,"column":11},"end":{"line":906,"column":7}},"449":{"start":{"line":888,"column":23},"end":{"line":888,"column":69}},"450":{"start":{"line":889,"column":11},"end":{"line":906,"column":7}},"451":{"start":{"line":890,"column":8},"end":{"line":891,"column":67}},"452":{"start":{"line":890,"column":23},"end":{"line":890,"column":85}},"453":{"start":{"line":891,"column":13},"end":{"line":891,"column":67}},"454":{"start":{"line":892,"column":13},"end":{"line":906,"column":7}},"455":{"start":{"line":893,"column":8},"end":{"line":893,"column":37}},"456":{"start":{"line":894,"column":8},"end":{"line":894,"column":48}},"457":{"start":{"line":894,"column":34},"end":{"line":894,"column":48}},"458":{"start":{"line":895,"column":8},"end":{"line":899,"column":82}},"459":{"start":{"line":896,"column":10},"end":{"line":898,"column":90}},"460":{"start":{"line":897,"column":12},"end":{"line":897,"column":90}},"461":{"start":{"line":898,"column":15},"end":{"line":898,"column":90}},"462":{"start":{"line":899,"column":15},"end":{"line":899,"column":82}},"463":{"start":{"line":901,"column":8},"end":{"line":901,"column":23}},"464":{"start":{"line":902,"column":8},"end":{"line":905,"column":77}},"465":{"start":{"line":903,"column":10},"end":{"line":904,"column":85}},"466":{"start":{"line":903,"column":25},"end":{"line":903,"column":98}},"467":{"start":{"line":904,"column":15},"end":{"line":904,"column":85}},"468":{"start":{"line":905,"column":15},"end":{"line":905,"column":77}},"469":{"start":{"line":908,"column":6},"end":{"line":908,"column":33}},"470":{"start":{"line":909,"column":6},"end":{"line":909,"column":17}},"471":{"start":{"line":914,"column":4},"end":{"line":914,"column":41}},"472":{"start":{"line":915,"column":4},"end":{"line":920,"column":17}},"473":{"start":{"line":918,"column":8},"end":{"line":918,"column":42}},"474":{"start":{"line":924,"column":4},"end":{"line":924,"column":23}},"475":{"start":{"line":925,"column":12},"end":{"line":925,"column":48}},"476":{"start":{"line":926,"column":4},"end":{"line":979,"column":7}},"477":{"start":{"line":927,"column":6},"end":{"line":927,"column":52}},"478":{"start":{"line":928,"column":15},"end":{"line":928,"column":21}},"479":{"start":{"line":929,"column":15},"end":{"line":929,"column":27}},"480":{"start":{"line":930,"column":15},"end":{"line":930,"column":27}},"481":{"start":{"line":931,"column":17},"end":{"line":931,"column":19}},"482":{"start":{"line":933,"column":6},"end":{"line":933,"column":42}},"483":{"start":{"line":933,"column":32},"end":{"line":933,"column":42}},"484":{"start":{"line":935,"column":6},"end":{"line":974,"column":7}},"485":{"start":{"line":936,"column":8},"end":{"line":942,"column":9}},"486":{"start":{"line":938,"column":10},"end":{"line":938,"column":25}},"487":{"start":{"line":941,"column":10},"end":{"line":941,"column":20}},"488":{"start":{"line":943,"column":13},"end":{"line":974,"column":7}},"489":{"start":{"line":945,"column":8},"end":{"line":945,"column":22}},"490":{"start":{"line":945,"column":16},"end":{"line":945,"column":22}},"491":{"start":{"line":946,"column":8},"end":{"line":946,"column":22}},"492":{"start":{"line":946,"column":16},"end":{"line":946,"column":22}},"493":{"start":{"line":948,"column":8},"end":{"line":967,"column":9}},"494":{"start":{"line":952,"column":10},"end":{"line":952,"column":22}},"495":{"start":{"line":953,"column":10},"end":{"line":960,"column":11}},"496":{"start":{"line":954,"column":12},"end":{"line":954,"column":23}},"497":{"start":{"line":955,"column":12},"end":{"line":955,"column":18}},"498":{"start":{"line":956,"column":12},"end":{"line":956,"column":18}},"499":{"start":{"line":957,"column":17},"end":{"line":960,"column":11}},"500":{"start":{"line":958,"column":12},"end":{"line":958,"column":23}},"501":{"start":{"line":959,"column":12},"end":{"line":959,"column":18}},"502":{"start":{"line":961,"column":15},"end":{"line":967,"column":9}},"503":{"start":{"line":964,"column":10},"end":{"line":964,"column":21}},"504":{"start":{"line":965,"column":10},"end":{"line":966,"column":26}},"505":{"start":{"line":965,"column":18},"end":{"line":965,"column":29}},"506":{"start":{"line":966,"column":15},"end":{"line":966,"column":26}},"507":{"start":{"line":969,"column":8},"end":{"line":969,"column":43}},"508":{"start":{"line":970,"column":13},"end":{"line":974,"column":7}},"509":{"start":{"line":971,"column":8},"end":{"line":971,"column":54}},"510":{"start":{"line":972,"column":13},"end":{"line":974,"column":7}},"511":{"start":{"line":973,"column":8},"end":{"line":973,"column":70}},"512":{"start":{"line":976,"column":6},"end":{"line":976,"column":34}},"513":{"start":{"line":978,"column":6},"end":{"line":978,"column":17}},"514":{"start":{"line":985,"column":4},"end":{"line":985,"column":39}},"515":{"start":{"line":987,"column":4},"end":{"line":987,"column":45}},"516":{"start":{"line":996,"column":4},"end":{"line":999,"column":28}},"517":{"start":{"line":996,"column":17},"end":{"line":996,"column":27}},"518":{"start":{"line":997,"column":9},"end":{"line":999,"column":28}},"519":{"start":{"line":997,"column":22},"end":{"line":997,"column":48}},"520":{"start":{"line":998,"column":9},"end":{"line":999,"column":28}},"521":{"start":{"line":998,"column":22},"end":{"line":998,"column":57}},"522":{"start":{"line":999,"column":9},"end":{"line":999,"column":28}},"523":{"start":{"line":1001,"column":4},"end":{"line":1005,"column":24}},"524":{"start":{"line":1001,"column":17},"end":{"line":1001,"column":25}},"525":{"start":{"line":1002,"column":9},"end":{"line":1005,"column":24}},"526":{"start":{"line":1002,"column":22},"end":{"line":1002,"column":52}},"527":{"start":{"line":1003,"column":9},"end":{"line":1005,"column":24}},"528":{"start":{"line":1003,"column":22},"end":{"line":1003,"column":61}},"529":{"start":{"line":1004,"column":9},"end":{"line":1005,"column":24}},"530":{"start":{"line":1004,"column":18},"end":{"line":1004,"column":67}},"531":{"start":{"line":1005,"column":9},"end":{"line":1005,"column":24}},"532":{"start":{"line":1007,"column":4},"end":{"line":1007,"column":36}},"533":{"start":{"line":1011,"column":2},"end":{"line":1020,"column":4}},"534":{"start":{"line":1012,"column":4},"end":{"line":1012,"column":31}},"535":{"start":{"line":1012,"column":18},"end":{"line":1012,"column":31}},"536":{"start":{"line":1014,"column":4},"end":{"line":1014,"column":79}},"537":{"start":{"line":1014,"column":37},"end":{"line":1014,"column":79}},"538":{"start":{"line":1016,"column":4},"end":{"line":1018,"column":5}},"539":{"start":{"line":1016,"column":17},"end":{"line":1016,"column":18}},"540":{"start":{"line":1017,"column":6},"end":{"line":1017,"column":53}},"541":{"start":{"line":1017,"column":41},"end":{"line":1017,"column":53}},"542":{"start":{"line":1019,"column":4},"end":{"line":1019,"column":17}},"543":{"start":{"line":1023,"column":4},"end":{"line":1025,"column":5}},"544":{"start":{"line":1023,"column":17},"end":{"line":1023,"column":18}},"545":{"start":{"line":1024,"column":6},"end":{"line":1024,"column":46}},"546":{"start":{"line":1024,"column":33},"end":{"line":1024,"column":46}},"547":{"start":{"line":1027,"column":4},"end":{"line":1050,"column":5}},"548":{"start":{"line":1033,"column":6},"end":{"line":1046,"column":7}},"549":{"start":{"line":1033,"column":19},"end":{"line":1033,"column":20}},"550":{"start":{"line":1034,"column":8},"end":{"line":1034,"column":29}},"551":{"start":{"line":1035,"column":8},"end":{"line":1035,"column":44}},"552":{"start":{"line":1035,"column":35},"end":{"line":1035,"column":44}},"553":{"start":{"line":1037,"column":8},"end":{"line":1045,"column":9}},"554":{"start":{"line":1038,"column":24},"end":{"line":1038,"column":37}},"555":{"start":{"line":1039,"column":10},"end":{"line":1044,"column":24}},"556":{"start":{"line":1044,"column":12},"end":{"line":1044,"column":24}},"557":{"start":{"line":1049,"column":6},"end":{"line":1049,"column":19}},"558":{"start":{"line":1052,"column":4},"end":{"line":1052,"column":16}},"559":{"start":{"line":1055,"column":2},"end":{"line":1055,"column":32}},"560":{"start":{"line":1057,"column":4},"end":{"line":1061,"column":5}},"561":{"start":{"line":1058,"column":6},"end":{"line":1058,"column":38}},"562":{"start":{"line":1060,"column":6},"end":{"line":1060,"column":19}},"563":{"start":{"line":1062,"column":4},"end":{"line":1062,"column":31}},"564":{"start":{"line":1065,"column":2},"end":{"line":1065,"column":40}},"565":{"start":{"line":1067,"column":4},"end":{"line":1075,"column":6}},"566":{"start":{"line":1070,"column":10},"end":{"line":1070,"column":50}},"567":{"start":{"line":1073,"column":10},"end":{"line":1073,"column":39}},"568":{"start":{"line":1078,"column":2},"end":{"line":1078,"column":40}},"569":{"start":{"line":1080,"column":4},"end":{"line":1088,"column":6}},"570":{"start":{"line":1083,"column":10},"end":{"line":1083,"column":50}},"571":{"start":{"line":1086,"column":10},"end":{"line":1086,"column":38}},"572":{"start":{"line":1091,"column":2},"end":{"line":1091,"column":34}},"573":{"start":{"line":1093,"column":4},"end":{"line":1099,"column":5}},"574":{"start":{"line":1096,"column":6},"end":{"line":1096,"column":50}},"575":{"start":{"line":1098,"column":6},"end":{"line":1098,"column":18}},"576":{"start":{"line":1103,"column":2},"end":{"line":1103,"column":20}},"577":{"start":{"line":1105,"column":4},"end":{"line":1105,"column":47}},"578":{"start":{"line":1109,"column":2},"end":{"line":1109,"column":20}},"579":{"start":{"line":1111,"column":4},"end":{"line":1111,"column":47}},"580":{"start":{"line":1114,"column":2},"end":{"line":1114,"column":28}},"581":{"start":{"line":1116,"column":4},"end":{"line":1116,"column":41}},"582":{"start":{"line":1117,"column":4},"end":{"line":1117,"column":36}},"583":{"start":{"line":1120,"column":4},"end":{"line":1137,"column":5}},"584":{"start":{"line":1122,"column":8},"end":{"line":1122,"column":18}},"585":{"start":{"line":1123,"column":8},"end":{"line":1123,"column":20}},"586":{"start":{"line":1124,"column":8},"end":{"line":1124,"column":18}},"587":{"start":{"line":1125,"column":8},"end":{"line":1125,"column":19}},"588":{"start":{"line":1126,"column":8},"end":{"line":1126,"column":21}},"589":{"start":{"line":1127,"column":8},"end":{"line":1127,"column":14}},"590":{"start":{"line":1129,"column":8},"end":{"line":1129,"column":18}},"591":{"start":{"line":1130,"column":8},"end":{"line":1130,"column":20}},"592":{"start":{"line":1131,"column":8},"end":{"line":1131,"column":18}},"593":{"start":{"line":1132,"column":8},"end":{"line":1132,"column":19}},"594":{"start":{"line":1133,"column":8},"end":{"line":1133,"column":21}},"595":{"start":{"line":1134,"column":8},"end":{"line":1134,"column":14}},"596":{"start":{"line":1136,"column":8},"end":{"line":1136,"column":69}},"597":{"start":{"line":1140,"column":4},"end":{"line":1142,"column":5}},"598":{"start":{"line":1141,"column":6},"end":{"line":1141,"column":19}},"599":{"start":{"line":1147,"column":4},"end":{"line":1179,"column":5}},"600":{"start":{"line":1147,"column":17},"end":{"line":1147,"column":18}},"601":{"start":{"line":1148,"column":24},"end":{"line":1148,"column":36}},"602":{"start":{"line":1150,"column":17},"end":{"line":1150,"column":21}},"603":{"start":{"line":1151,"column":16},"end":{"line":1151,"column":20}},"604":{"start":{"line":1153,"column":6},"end":{"line":1164,"column":9}},"605":{"start":{"line":1154,"column":8},"end":{"line":1156,"column":9}},"606":{"start":{"line":1155,"column":10},"end":{"line":1155,"column":49}},"607":{"start":{"line":1157,"column":8},"end":{"line":1157,"column":34}},"608":{"start":{"line":1158,"column":8},"end":{"line":1158,"column":32}},"609":{"start":{"line":1159,"column":8},"end":{"line":1163,"column":9}},"610":{"start":{"line":1160,"column":10},"end":{"line":1160,"column":28}},"611":{"start":{"line":1161,"column":15},"end":{"line":1163,"column":9}},"612":{"start":{"line":1162,"column":10},"end":{"line":1162,"column":27}},"613":{"start":{"line":1168,"column":6},"end":{"line":1170,"column":7}},"614":{"start":{"line":1169,"column":8},"end":{"line":1169,"column":21}},"615":{"start":{"line":1174,"column":6},"end":{"line":1178,"column":7}},"616":{"start":{"line":1175,"column":8},"end":{"line":1175,"column":21}},"617":{"start":{"line":1176,"column":13},"end":{"line":1178,"column":7}},"618":{"start":{"line":1177,"column":8},"end":{"line":1177,"column":21}},"619":{"start":{"line":1180,"column":4},"end":{"line":1180,"column":16}},"620":{"start":{"line":1183,"column":2},"end":{"line":1183,"column":34}},"621":{"start":{"line":1185,"column":17},"end":{"line":1185,"column":38}},"622":{"start":{"line":1186,"column":4},"end":{"line":1186,"column":73}}},"fnMap":{"0":{"name":"(anonymous_0)","decl":{"start":{"line":4,"column":1},"end":{"line":4,"column":2}},"loc":{"start":{"line":4,"column":21},"end":{"line":1188,"column":1}},"line":4},"1":{"name":"(anonymous_1)","decl":{"start":{"line":13,"column":10},"end":{"line":13,"column":11}},"loc":{"start":{"line":13,"column":21},"end":{"line":13,"column":23}},"line":13},"2":{"name":"parse","decl":{"start":{"line":259,"column":11},"end":{"line":259,"column":16}},"loc":{"start":{"line":259,"column":33},"end":{"line":274,"column":3}},"line":259},"3":{"name":"valid","decl":{"start":{"line":277,"column":11},"end":{"line":277,"column":16}},"loc":{"start":{"line":277,"column":33},"end":{"line":280,"column":3}},"line":277},"4":{"name":"clean","decl":{"start":{"line":283,"column":11},"end":{"line":283,"column":16}},"loc":{"start":{"line":283,"column":33},"end":{"line":286,"column":3}},"line":283},"5":{"name":"SemVer","decl":{"start":{"line":290,"column":11},"end":{"line":290,"column":17}},"loc":{"start":{"line":290,"column":34},"end":{"line":338,"column":3}},"line":290},"6":{"name":"(anonymous_6)","decl":{"start":{"line":328,"column":44},"end":{"line":328,"column":45}},"loc":{"start":{"line":328,"column":57},"end":{"line":334,"column":7}},"line":328},"7":{"name":"(anonymous_7)","decl":{"start":{"line":340,"column":28},"end":{"line":340,"column":29}},"loc":{"start":{"line":340,"column":39},"end":{"line":344,"column":3}},"line":340},"8":{"name":"(anonymous_8)","decl":{"start":{"line":346,"column":30},"end":{"line":346,"column":31}},"loc":{"start":{"line":346,"column":41},"end":{"line":348,"column":3}},"line":346},"9":{"name":"(anonymous_9)","decl":{"start":{"line":350,"column":29},"end":{"line":350,"column":30}},"loc":{"start":{"line":350,"column":45},"end":{"line":355,"column":3}},"line":350},"10":{"name":"(anonymous_10)","decl":{"start":{"line":357,"column":33},"end":{"line":357,"column":34}},"loc":{"start":{"line":357,"column":49},"end":{"line":365,"column":3}},"line":357},"11":{"name":"(anonymous_11)","decl":{"start":{"line":367,"column":32},"end":{"line":367,"column":33}},"loc":{"start":{"line":367,"column":48},"end":{"line":386,"column":3}},"line":367},"12":{"name":"(anonymous_12)","decl":{"start":{"line":390,"column":25},"end":{"line":390,"column":26}},"loc":{"start":{"line":390,"column":55},"end":{"line":478,"column":3}},"line":390},"13":{"name":"inc","decl":{"start":{"line":481,"column":11},"end":{"line":481,"column":14}},"loc":{"start":{"line":481,"column":52},"end":{"line":492,"column":3}},"line":481},"14":{"name":"diff","decl":{"start":{"line":495,"column":11},"end":{"line":495,"column":15}},"loc":{"start":{"line":495,"column":36},"end":{"line":519,"column":3}},"line":495},"15":{"name":"compareIdentifiers","decl":{"start":{"line":525,"column":11},"end":{"line":525,"column":29}},"loc":{"start":{"line":525,"column":36},"end":{"line":535,"column":3}},"line":525},"16":{"name":"rcompareIdentifiers","decl":{"start":{"line":538,"column":11},"end":{"line":538,"column":30}},"loc":{"start":{"line":538,"column":37},"end":{"line":540,"column":3}},"line":538},"17":{"name":"major","decl":{"start":{"line":543,"column":11},"end":{"line":543,"column":16}},"loc":{"start":{"line":543,"column":27},"end":{"line":545,"column":3}},"line":543},"18":{"name":"minor","decl":{"start":{"line":548,"column":11},"end":{"line":548,"column":16}},"loc":{"start":{"line":548,"column":27},"end":{"line":550,"column":3}},"line":548},"19":{"name":"patch","decl":{"start":{"line":553,"column":11},"end":{"line":553,"column":16}},"loc":{"start":{"line":553,"column":27},"end":{"line":555,"column":3}},"line":553},"20":{"name":"compare","decl":{"start":{"line":558,"column":11},"end":{"line":558,"column":18}},"loc":{"start":{"line":558,"column":32},"end":{"line":560,"column":3}},"line":558},"21":{"name":"compareLoose","decl":{"start":{"line":563,"column":11},"end":{"line":563,"column":23}},"loc":{"start":{"line":563,"column":30},"end":{"line":565,"column":3}},"line":563},"22":{"name":"rcompare","decl":{"start":{"line":568,"column":11},"end":{"line":568,"column":19}},"loc":{"start":{"line":568,"column":33},"end":{"line":570,"column":3}},"line":568},"23":{"name":"sort","decl":{"start":{"line":573,"column":11},"end":{"line":573,"column":15}},"loc":{"start":{"line":573,"column":29},"end":{"line":577,"column":3}},"line":573},"24":{"name":"(anonymous_24)","decl":{"start":{"line":574,"column":21},"end":{"line":574,"column":22}},"loc":{"start":{"line":574,"column":36},"end":{"line":576,"column":5}},"line":574},"25":{"name":"rsort","decl":{"start":{"line":580,"column":11},"end":{"line":580,"column":16}},"loc":{"start":{"line":580,"column":30},"end":{"line":584,"column":3}},"line":580},"26":{"name":"(anonymous_26)","decl":{"start":{"line":581,"column":21},"end":{"line":581,"column":22}},"loc":{"start":{"line":581,"column":36},"end":{"line":583,"column":5}},"line":581},"27":{"name":"gt","decl":{"start":{"line":587,"column":11},"end":{"line":587,"column":13}},"loc":{"start":{"line":587,"column":27},"end":{"line":589,"column":3}},"line":587},"28":{"name":"lt","decl":{"start":{"line":592,"column":11},"end":{"line":592,"column":13}},"loc":{"start":{"line":592,"column":27},"end":{"line":594,"column":3}},"line":592},"29":{"name":"eq","decl":{"start":{"line":597,"column":11},"end":{"line":597,"column":13}},"loc":{"start":{"line":597,"column":27},"end":{"line":599,"column":3}},"line":597},"30":{"name":"neq","decl":{"start":{"line":602,"column":11},"end":{"line":602,"column":14}},"loc":{"start":{"line":602,"column":28},"end":{"line":604,"column":3}},"line":602},"31":{"name":"gte","decl":{"start":{"line":607,"column":11},"end":{"line":607,"column":14}},"loc":{"start":{"line":607,"column":28},"end":{"line":609,"column":3}},"line":607},"32":{"name":"lte","decl":{"start":{"line":612,"column":11},"end":{"line":612,"column":14}},"loc":{"start":{"line":612,"column":28},"end":{"line":614,"column":3}},"line":612},"33":{"name":"cmp","decl":{"start":{"line":617,"column":11},"end":{"line":617,"column":14}},"loc":{"start":{"line":617,"column":32},"end":{"line":654,"column":3}},"line":617},"34":{"name":"Comparator","decl":{"start":{"line":657,"column":11},"end":{"line":657,"column":21}},"loc":{"start":{"line":657,"column":35},"end":{"line":673,"column":3}},"line":657},"35":{"name":"(anonymous_35)","decl":{"start":{"line":676,"column":31},"end":{"line":676,"column":32}},"loc":{"start":{"line":676,"column":46},"end":{"line":688,"column":3}},"line":676},"36":{"name":"(anonymous_36)","decl":{"start":{"line":690,"column":34},"end":{"line":690,"column":35}},"loc":{"start":{"line":690,"column":45},"end":{"line":692,"column":3}},"line":690},"37":{"name":"(anonymous_37)","decl":{"start":{"line":694,"column":30},"end":{"line":694,"column":31}},"loc":{"start":{"line":694,"column":48},"end":{"line":702,"column":3}},"line":694},"38":{"name":"Range","decl":{"start":{"line":705,"column":11},"end":{"line":705,"column":16}},"loc":{"start":{"line":705,"column":31},"end":{"line":729,"column":3}},"line":705},"39":{"name":"(anonymous_39)","decl":{"start":{"line":716,"column":11},"end":{"line":716,"column":12}},"loc":{"start":{"line":716,"column":27},"end":{"line":718,"column":7}},"line":716},"40":{"name":"(anonymous_40)","decl":{"start":{"line":719,"column":14},"end":{"line":719,"column":15}},"loc":{"start":{"line":719,"column":26},"end":{"line":722,"column":7}},"line":719},"41":{"name":"(anonymous_41)","decl":{"start":{"line":731,"column":27},"end":{"line":731,"column":28}},"loc":{"start":{"line":731,"column":38},"end":{"line":739,"column":3}},"line":731},"42":{"name":"(anonymous_42)","decl":{"start":{"line":733,"column":11},"end":{"line":733,"column":12}},"loc":{"start":{"line":733,"column":27},"end":{"line":735,"column":7}},"line":733},"43":{"name":"(anonymous_43)","decl":{"start":{"line":741,"column":29},"end":{"line":741,"column":30}},"loc":{"start":{"line":741,"column":40},"end":{"line":743,"column":3}},"line":741},"44":{"name":"(anonymous_44)","decl":{"start":{"line":745,"column":31},"end":{"line":745,"column":32}},"loc":{"start":{"line":745,"column":47},"end":{"line":788,"column":3}},"line":745},"45":{"name":"(anonymous_45)","decl":{"start":{"line":772,"column":11},"end":{"line":772,"column":12}},"loc":{"start":{"line":772,"column":26},"end":{"line":774,"column":7}},"line":772},"46":{"name":"(anonymous_46)","decl":{"start":{"line":779,"column":23},"end":{"line":779,"column":24}},"loc":{"start":{"line":779,"column":38},"end":{"line":781,"column":7}},"line":779},"47":{"name":"(anonymous_47)","decl":{"start":{"line":783,"column":18},"end":{"line":783,"column":19}},"loc":{"start":{"line":783,"column":33},"end":{"line":785,"column":5}},"line":783},"48":{"name":"toComparators","decl":{"start":{"line":792,"column":11},"end":{"line":792,"column":24}},"loc":{"start":{"line":792,"column":39},"end":{"line":802,"column":3}},"line":792},"49":{"name":"(anonymous_49)","decl":{"start":{"line":793,"column":43},"end":{"line":793,"column":44}},"loc":{"start":{"line":793,"column":58},"end":{"line":801,"column":5}},"line":793},"50":{"name":"(anonymous_50)","decl":{"start":{"line":795,"column":13},"end":{"line":795,"column":14}},"loc":{"start":{"line":795,"column":25},"end":{"line":797,"column":9}},"line":795},"51":{"name":"parseComparator","decl":{"start":{"line":807,"column":11},"end":{"line":807,"column":26}},"loc":{"start":{"line":807,"column":40},"end":{"line":818,"column":3}},"line":807},"52":{"name":"isX","decl":{"start":{"line":820,"column":11},"end":{"line":820,"column":14}},"loc":{"start":{"line":820,"column":19},"end":{"line":822,"column":3}},"line":820},"53":{"name":"replaceTildes","decl":{"start":{"line":830,"column":11},"end":{"line":830,"column":24}},"loc":{"start":{"line":830,"column":38},"end":{"line":838,"column":3}},"line":830},"54":{"name":"(anonymous_54)","decl":{"start":{"line":834,"column":11},"end":{"line":834,"column":12}},"loc":{"start":{"line":834,"column":26},"end":{"line":836,"column":7}},"line":834},"55":{"name":"replaceTilde","decl":{"start":{"line":840,"column":11},"end":{"line":840,"column":23}},"loc":{"start":{"line":840,"column":37},"end":{"line":862,"column":3}},"line":840},"56":{"name":"(anonymous_56)","decl":{"start":{"line":842,"column":27},"end":{"line":842,"column":28}},"loc":{"start":{"line":842,"column":52},"end":{"line":861,"column":5}},"line":842},"57":{"name":"replaceCarets","decl":{"start":{"line":870,"column":11},"end":{"line":870,"column":24}},"loc":{"start":{"line":870,"column":38},"end":{"line":878,"column":3}},"line":870},"58":{"name":"(anonymous_58)","decl":{"start":{"line":874,"column":11},"end":{"line":874,"column":12}},"loc":{"start":{"line":874,"column":26},"end":{"line":876,"column":7}},"line":874},"59":{"name":"replaceCaret","decl":{"start":{"line":880,"column":11},"end":{"line":880,"column":23}},"loc":{"start":{"line":880,"column":37},"end":{"line":911,"column":3}},"line":880},"60":{"name":"(anonymous_60)","decl":{"start":{"line":883,"column":27},"end":{"line":883,"column":28}},"loc":{"start":{"line":883,"column":52},"end":{"line":910,"column":5}},"line":883},"61":{"name":"replaceXRanges","decl":{"start":{"line":913,"column":11},"end":{"line":913,"column":25}},"loc":{"start":{"line":913,"column":39},"end":{"line":921,"column":3}},"line":913},"62":{"name":"(anonymous_62)","decl":{"start":{"line":917,"column":11},"end":{"line":917,"column":12}},"loc":{"start":{"line":917,"column":26},"end":{"line":919,"column":7}},"line":917},"63":{"name":"replaceXRange","decl":{"start":{"line":923,"column":11},"end":{"line":923,"column":24}},"loc":{"start":{"line":923,"column":38},"end":{"line":980,"column":3}},"line":923},"64":{"name":"(anonymous_64)","decl":{"start":{"line":926,"column":27},"end":{"line":926,"column":28}},"loc":{"start":{"line":926,"column":60},"end":{"line":979,"column":5}},"line":926},"65":{"name":"replaceStars","decl":{"start":{"line":984,"column":11},"end":{"line":984,"column":23}},"loc":{"start":{"line":984,"column":37},"end":{"line":988,"column":3}},"line":984},"66":{"name":"hyphenReplace","decl":{"start":{"line":995,"column":11},"end":{"line":995,"column":24}},"loc":{"start":{"line":995,"column":77},"end":{"line":1008,"column":3}},"line":995},"67":{"name":"(anonymous_67)","decl":{"start":{"line":1011,"column":25},"end":{"line":1011,"column":26}},"loc":{"start":{"line":1011,"column":43},"end":{"line":1020,"column":3}},"line":1011},"68":{"name":"testSet","decl":{"start":{"line":1022,"column":11},"end":{"line":1022,"column"
[...]
{"start":{"line":82,"column":4},"end":{"line":82,"column":42}}],"line":82},"6":{"loc":{"start":{"line":90,"column":4},"end":{"line":90,"column":42}},"type":"if","locations":[{"start":{"line":90,"column":4},"end":{"line":90,"column":42}},{"start":{"line":90,"column":4},"end":{"line":90,"column":42}}],"line":90},"7":{"loc":{"start":{"line":118,"column":4},"end":{"line":118,"column":42}},"type":"if","locations":[{"start":{"line":118,"column":4},"end":{"line":118,"column":42}},{"start":{"line":118,"column":4},"end":{"line":118,"column":42}}],"line":118},"8":{"loc":{"start":{"line":144,"column":4},"end":{"line":146,"column":5}},"type":"if","locations":[{"start":{"line":144,"column":4},"end":{"line":146,"column":5}},{"start":{"line":144,"column":4},"end":{"line":146,"column":5}}],"line":144},"9":{"loc":{"start":{"line":160,"column":6},"end":{"line":160,"column":43}},"type":"if","locations":[{"start":{"line":160,"column":6},"end":{"line":160,"column":43}},{"start":{"line":160,"column":6},"end":{"line":160,"column":43}}],"line":160},"10":{"loc":{"start":{"line":172,"column":10},"end":{"line":174,"column":18}},"type":"cond-expr","locations":[{"start":{"line":173,"column":14},"end":{"line":173,"column":59}},{"start":{"line":174,"column":14},"end":{"line":174,"column":18}}],"line":172},"11":{"loc":{"start":{"line":178,"column":6},"end":{"line":180,"column":7}},"type":"if","locations":[{"start":{"line":178,"column":6},"end":{"line":180,"column":7}},{"start":{"line":178,"column":6},"end":{"line":180,"column":7}}],"line":178},"12":{"loc":{"start":{"line":192,"column":6},"end":{"line":192,"column":62}},"type":"if","locations":[{"start":{"line":192,"column":6},"end":{"line":192,"column":62}},{"start":{"line":192,"column":6},"end":{"line":192,"column":62}}],"line":192},"13":{"loc":{"start":{"line":196,"column":6},"end":{"line":198,"column":7}},"type":"if","locations":[{"start":{"line":196,"column":6},"end":{"line":198,"column":7}},{"start":{"line":196,"column":6},"end":{"line":198,"column":7}}],"line":196},"14":{"loc":{"start":{"line":214,"column":8},"end":{"line":220,"column":9}},"type":"if","locations":[{"start":{"line":214,"column":8},"end":{"line":220,"column":9}},{"start":{"line":214,"column":8},"end":{"line":220,"column":9}}],"line":214},"15":{"loc":{"start":{"line":215,"column":10},"end":{"line":218,"column":11}},"type":"if","locations":[{"start":{"line":215,"column":10},"end":{"line":218,"column":11}},{"start":{"line":215,"column":10},"end":{"line":218,"column":11}}],"line":215},"16":{"loc":{"start":{"line":231,"column":4},"end":{"line":231,"column":25}},"type":"if","locations":[{"start":{"line":231,"column":4},"end":{"line":231,"column":25}},{"start":{"line":231,"column":4},"end":{"line":231,"column":25}}],"line":231},"17":{"loc":{"start":{"line":236,"column":4},"end":{"line":236,"column":77}},"type":"if","locations":[{"start":{"line":236,"column":4},"end":{"line":236,"column":77}},{"start":{"line":236,"column":4},"end":{"line":236,"column":77}}],"line":236},"18":{"loc":{"start":{"line":253,"column":6},"end":{"line":253,"column":43}},"type":"if","locations":[{"start":{"line":253,"column":6},"end":{"line":253,"column":43}},{"start":{"line":253,"column":6},"end":{"line":253,"column":43}}],"line":253},"19":{"loc":{"start":{"line":255,"column":14},"end":{"line":264,"column":45}},"type":"cond-expr","locations":[{"start":{"line":256,"column":10},"end":{"line":263,"column":14}},{"start":{"line":264,"column":10},"end":{"line":264,"column":45}}],"line":255},"20":{"loc":{"start":{"line":266,"column":6},"end":{"line":266,"column":73}},"type":"if","locations":[{"start":{"line":266,"column":6},"end":{"line":266,"column":73}},{"start":{"line":266,"column":6},"end":{"line":266,"column":73}}],"line":266},"21":{"loc":{"start":{"line":268,"column":44},"end":{"line":268,"column":85}},"type":"binary-expr","locations":[{"start":{"line":268,"column":44},"end":{"line":268,"column":79}},{"start":{"line":268,"column":83},"end":{"line":268,"column":85}}],"line":268},"22":{"loc":{"start":{"line":275,"column":6},"end":{"line":275,"column":65}},"type":"if","locations":[{"start":{"line":275,"column":6},"end":{"line":275,"column":65}},{"start":{"line":275,"column":6},"end":{"line":275,"column":65}}],"line":275},"23":{"loc":{"start":{"line":281,"column":8},"end":{"line":286,"column":9}},"type":"if","locations":[{"start":{"line":281,"column":8},"end":{"line":286,"column":9}},{"start":{"line":281,"column":8},"end":{"line":286,"column":9}}],"line":281},"24":{"loc":{"start":{"line":300,"column":4},"end":{"line":300,"column":87}},"type":"if","locations":[{"start":{"line":300,"column":4},"end":{"line":300,"column":87}},{"start":{"line":300,"column":4},"end":{"line":300,"column":87}}],"line":300},"25":{"loc":{"start":{"line":300,"column":8},"end":{"line":300,"column":78}},"type":"binary-expr","locations":[{"start":{"line":300,"column":8},"end":{"line":300,"column":36}},{"start":{"line":300,"column":40},"end":{"line":300,"column":78}}],"line":300},"26":{"loc":{"start":{"line":301,"column":4},"end":{"line":301,"column":43}},"type":"if","locations":[{"start":{"line":301,"column":4},"end":{"line":301,"column":43}},{"start":{"line":301,"column":4},"end":{"line":301,"column":43}}],"line":301},"27":{"loc":{"start":{"line":304,"column":6},"end":{"line":304,"column":65}},"type":"if","locations":[{"start":{"line":304,"column":6},"end":{"line":304,"column":65}},{"start":{"line":304,"column":6},"end":{"line":304,"column":65}}],"line":304},"28":{"loc":{"start":{"line":305,"column":6},"end":{"line":305,"column":43}},"type":"if","locations":[{"start":{"line":305,"column":6},"end":{"line":305,"column":43}},{"start":{"line":305,"column":6},"end":{"line":305,"column":43}}],"line":305},"29":{"loc":{"start":{"line":310,"column":8},"end":{"line":310,"column":58}},"type":"if","locations":[{"start":{"line":310,"column":8},"end":{"line":310,"column":58}},{"start":{"line":310,"column":8},"end":{"line":310,"column":58}}],"line":310},"30":{"loc":{"start":{"line":314,"column":3},"end":{"line":314,"column":88}},"type":"cond-expr","locations":[{"start":{"line":314,"column":76},"end":{"line":314,"column":81}},{"start":{"line":314,"column":84},"end":{"line":314,"column":88}}],"line":314},"31":{"loc":{"start":{"line":314,"column":3},"end":{"line":314,"column":73}},"type":"binary-expr","locations":[{"start":{"line":314,"column":3},"end":{"line":314,"column":32}},{"start":{"line":314,"column":36},"end":{"line":314,"column":73}}],"line":314}},"s":{"0":1,"1":1,"2":0,"3":0,"4":0,"5":1,"6":1,"7":1,"8":1,"9":55,"10":55,"11":55,"12":55,"13":55,"14":55,"15":55,"16":55,"17":1,"18":13,"19":1,"20":107,"21":2,"22":2,"23":105,"24":1,"25":7,"26":7,"27":0,"28":7,"29":13,"30":13,"31":2,"32":11,"33":7,"34":7,"35":7,"36":7,"37":7,"38":1,"39":2,"40":0,"41":2,"42":1,"43":2,"44":2,"45":0,"46":2,"47":2,"48":2,"49":2,"50":1,"51":40,"52":40,"53":1,"54":39,"55":39,"56":38,"57":28,"58":28,"59":19,"60":1,"61":26,"62":26,"63":0,"64":26,"65":1,"66":27,"67":27,"68":27,"69":1,"70":26,"71":26,"72":26,"73":0,"74":26,"75":26,"76":26,"77":26,"78":0,"79":26,"80":26,"81":0,"82":26,"83":7,"84":7,"85":26,"86":22,"87":22,"88":1,"89":1,"90":1,"91":1,"92":21,"93":1,"94":23,"95":23,"96":23,"97":1,"98":22,"99":22,"100":22,"101":17,"102":5,"103":5,"104":5,"105":1,"106":29,"107":29,"108":29,"109":29,"110":0,"111":29,"112":29,"113":10,"114":19,"115":19,"116":19,"117":4,"118":15,"119":10,"120":1,"121":1,"122":1,"123":9,"124":10,"125":9,"126":1,"127":0,"128":0,"129":0,"130":0,"131":0,"132":0,"133":0,"134":0,"135":0,"136":0,"137":0,"138":0,"139":0,"140":0},"f":{"0":1,"1":55,"2":13,"3":107,"4":7,"5":13,"6":7,"7":7,"8":2,"9":2,"10":2,"11":2,"12":40,"13":39,"14":38,"15":28,"16":19,"17":26,"18":27,"19":27,"20":7,"21":22,"22":23,"23":29,"24":29,"25":10,"26":0,"27":0,"28":0},"b":{"0":[0,1],"1":[2,105],"2":[0,7],"3":[13,0],"4":[2,11],"5":[0,2],"6":[0,2],"7":[1,39],"8":[0,26],"9":[1,26],"10":[13,13],"11":[0,26],"12":[0,26],"13":[0,26],"14":[1,21],"15":[1,0],"16":[1,22],"17":[17,5],"18":[0,29],"19":[9,20],"20":[10,19],"21":[19,15],"22":[4,15],"23":[1,9],"24":[0,0],"25":[0,0],"26":[0,0],"27":[0,0],"28":[0,0],"29":[0,0],"30":[1,0],"31":[1,1]},"_coverageSchema":"43e27e138ebf9cfc5966b082cf9a028302ed4184","hash":"6819cb51b18c9e69f82877ac68b0c1513b9b5aa9","contentHash":"53b816fb7562c7946376a605fd09b7442488cc2166e934ad020daba068bd7a02"},"/Users/simonbishop/Documents/projects/happner-client/lib/builders/request-builder.js":{"path":"/Users/simonbishop/Documents/projects/happner-client/lib/builders/request-builder.js","statementMap":{"0":{"start":{"line":1,"column":0},"end":{"line":114,"column":90}},"1":{"start":{"line":2,"column":2},"end":{"line":6,"column":3}},"2":{"start":{"line":3,"column":4},"end":{"line":3,"column":44}},"3":{"start":{"line":5,"column":4},"end":{"line":5,"column":36}},"4":{"start":{"line":9,"column":4},"end":{"line":9,"column":17}},"5":{"start":{"line":12,"column":2},"end":{"line":22,"column":4}},"6":{"start":{"line":13,"column":4},"end":{"line":13,"column":31}},"7":{"start":{"line":14,"column":4},"end":{"line":14,"column":28}},"8":{"start":{"line":15,"column":4},"end":{"line":15,"column":28}},"9":{"start":{"line":16,"column":4},"end":{"line":16,"column":30}},"10":{"start":{"line":17,"column":4},"end":{"line":17,"column":26}},"11":{"start":{"line":18,"column":4},"end":{"line":18,"column":24}},"12":{"start":{"line":19,"column":4},"end":{"line":19,"column":30}},"13":{"start":{"line":20,"column":4},"end":{"line":20,"column":30}},"14":{"start":{"line":21,"column":4},"end":{"line":21,"column":34}},"15":{"start":{"line":24,"column":2},"end":{"line":27,"column":4}},"16":{"start":{"line":25,"column":4},"end":{"line":25,"column":31}},"17":{"start":{"line":26,"column":4},"end":{"line":26,"column":16}},"18":{"start":{"line":29,"column":2},"end":{"line":32,"column":4}},"19":{"start":{"line":30,"column":4},"end":{"line":30,"column":25}},"20":{"start":{"line":31,"column":4},"end":{"line":31,"column":16}},"21":{"start":{"line":34,"column":2},"end":{"line":37,"column":4}},"22":{"start":{"line":35,"column":4},"end":{"line":35,"column":25}},"23":{"start":{"line":36,"column":4},"end":{"line":36,"column":16}},"24":{"start":{"line":39,"column":2},"end":{"line":42,"column":4}},"25":{"start":{"line":40,"column":4},"end":{"line":40,"column":29}},"26":{"start":{"line":41,"column":4},"end":{"line":41,"column":16}},"27":{"start":{"line":44,"column":2},"end":{"line":47,"column":4}},"28":{"start":{"line":45,"column":4},"end":{"line":45,"column":21}},"29":{"start":{"line":46,"column":4},"end":{"line":46,"column":16}},"30":{"start":{"line":49,"column":2},"end":{"line":52,"column":4}},"31":{"start":{"line":50,"column":4},"end":{"line":50,"column":17}},"32":{"start":{"line":51,"column":4},"end":{"line":51,"column":16}},"33":{"start":{"line":54,"column":2},"end":{"line":57,"column":4}},"34":{"start":{"line":55,"column":4},"end":{"line":55,"column":29}},"35":{"start":{"line":56,"column":4},"end":{"line":56,"column":16}},"36":{"start":{"line":59,"column":2},"end":{"line":62,"column":4}},"37":{"start":{"line":60,"column":4},"end":{"line":60,"column":29}},"38":{"start":{"line":61,"column":4},"end":{"line":61,"column":16}},"39":{"start":{"line":64,"column":2},"end":{"line":67,"column":4}},"40":{"start":{"line":65,"column":4},"end":{"line":65,"column":37}},"41":{"start":{"line":66,"column":4},"end":{"line":66,"column":16}},"42":{"start":{"line":69,"column":2},"end":{"line":113,"column":4}},"43":{"start":{"line":70,"column":22},"end":{"line":76,"column":5}},"44":{"start":{"line":78,"column":4},"end":{"line":78,"column":72}},"45":{"start":{"line":78,"column":27},"end":{"line":78,"column":72}},"46":{"start":{"line":80,"column":4},"end":{"line":108,"column":5}},"47":{"start":{"line":82,"column":8},"end":{"line":92,"column":24}},"48":{"start":{"line":93,"column":8},"end":{"line":93,"column":52}},"49":{"start":{"line":95,"column":8},"end":{"line":95,"column":14}},"50":{"start":{"line":97,"column":8},"end":{"line":107,"column":24}},"51":{"start":{"line":110,"column":4},"end":{"line":110,"column":17}},"52":{"start":{"line":112,"column":4},"end":{"line":112,"column":23}}},"fnMap":{"0":{"name":"(anonymous_0)","decl":{"start":{"line":1,"column":1},"end":{"line":1,"column":2}},"loc":{"start":{"line":1,"column":21},"end":{"line":114,"column":1}},"line":1},"1":{"name":"RequestBuilder","decl":{"start":{"line":8,"column":11},"end":{"line":8,"column":25}},"loc":{"start":{"line":8,"column":28},"end":{"line":10,"column":3}},"line":8},"2":{"name":"(anonymous_2)","decl":{"start":{"line":12,"column":35},"end":{"line":12,"column":36}},"loc":{"start":{"line":12,"column":46},"end":{"line":22,"column":3}},"line":12},"3":{"name":"(anonymous_3)","decl":{"start":{"line":24,"column":43},"end":{"line":24,"column":44}},"loc":{"start":{"line":24,"column":63},"end":{"line":27,"column":3}},"line":24},"4":{"name":"(anonymous_4)","decl":{"start":{"line":29,"column":40},"end":{"line":29,"column":41}},"loc":{"start":{"line":29,"column":57},"end":{"line":32,"column":3}},"line":29},"5":{"name":"(anonymous_5)","decl":{"start":{"line":34,"column":40},"end":{"line":34,"column":41}},"loc":{"start":{"line":34,"column":57},"end":{"line":37,"column":3}},"line":34},"6":{"name":"(anonymous_6)","decl":{"start":{"line":39,"column":42},"end":{"line":39,"column":43}},"loc":{"start":{"line":39,"column":61},"end":{"line":42,"column":3}},"line":39},"7":{"name":"(anonymous_7)","decl":{"start":{"line":44,"column":38},"end":{"line":44,"column":39}},"loc":{"start":{"line":44,"column":53},"end":{"line":47,"column":3}},"line":44},"8":{"name":"(anonymous_8)","decl":{"start":{"line":49,"column":43},"end":{"line":49,"column":44}},"loc":{"start":{"line":49,"column":56},"end":{"line":52,"column":3}},"line":49},"9":{"name":"(anonymous_9)","decl":{"start":{"line":54,"column":42},"end":{"line":54,"column":43}},"loc":{"start":{"line":54,"column":61},"end":{"line":57,"column":3}},"line":54},"10":{"name":"(anonymous_10)","decl":{"start":{"line":59,"column":42},"end":{"line":59,"column":43}},"loc":{"start":{"line":59,"column":61},"end":{"line":62,"column":3}},"line":59},"11":{"name":"(anonymous_11)","decl":{"start":{"line":64,"column":46},"end":{"line":64,"column":47}},"loc":{"start":{"line":64,"column":69},"end":{"line":67,"column":3}},"line":64},"12":{"name":"(anonymous_12)","decl":{"start":{"line":69,"column":35},"end":{"line":69,"column":36}},"loc":{"start":{"line":69,"column":46},"end":{"line":113,"column":3}},"line":69}},"branchMap":{"0":{"loc":{"start":{"line":2,"column":2},"end":{"line":6,"column":3}},"type":"if","locations":[{"start":{"line":2,"column":2},"end":{"line":6,"column":3}},{"start":{"line":2,"column":2},"end":{"line":6,"column":3}}],"line":2},"1":{"loc":{"start":{"line":78,"column":4},"end":{"line":78,"column":72}},"type":"if","locations":[{"start":{"line":78,"column":4},"end":{"line":78,"column":72}},{"start":{"line":78,"column":4},"end":{"line":78,"column":72}}],"line":78},"2":{"loc":{"start":{"line":80,"column":4},"end":{"line":108,"column":5}},"type":"switch","locations":[{"start":{"line":81,"column":6},"end":{"line":95,"column":14}},{"start":{"line":96,"column":6},"end":{"line":107,"column":24}}],"line":80},"3":{"loc":{"start":{"line":114,"column":3},"end":{"line":114,"column":88}},"type":"cond-expr","locations":[{"start":{"line":114,"column":76},"end":{"line":114,"column":81}},{"start":{"line":114,"column":84},"end":{"line":114,"column":88}}],"line":114},"4":{"loc":{"start":{"line":114,"column":3},"end":{"line":114,"column":73}},"type":"binary-expr","locations":[{"start":{"line":114,"column":3},"end":{"line":114,"column":32}},{"start":{"line":114,"column":36},"end":{"line":114,"column":73}}],"line":114}},"s":{"0":1,"1":1,"2":0,"3":1,"4":55,"5":1,"6":81,"7":81,"8":81,"9":81,"10":81,"11":81,"12":81,"13":81,"14":81,"15":1,"16":26,"17":26,"18":1,"19":26,"20":26,"21":1,"22":26,"23":26,"24":1,"25":26,"26":26,"27":1,"28":26,"29":26,"30":1,"31":26,"32":26,"33":1,"34":26,"35":26,"36":1,"37":26,"38":26,"39":1,"40":0,"41":0,"42":1,"43":26,"44":26,"45":0,"46":26,"47":13,"48":13,"49":13,"50":13,"51":26,"52":26},"f":{"0":1,"1":55,"2":81,"3":26,"4":26,"5":26,"6":26,"7":26,"8":26,"9":26,"10":26,"11":0,"12":26},"b":{"0":[0,1],"1":[0,26],"2":[13,13],"3":[1,0],"4":[1,1]},"_coverageSchema":"43e27e138ebf9cfc5966b082cf9a028302ed4184","hash":"ae02cf9b339b79417bfa27341f7e4c0c0e87386d","contentHash":"4243ac59cec93fcd51d3d5593f54840b9869832dc99c01f40bbb0cd0d64c4c1e"},"/Users/simonbishop/Documents/projects/happner-client/lib/logger.js":{"path":"/Users/simonbishop/Documents/projects/happner-client/lib/logger.js","statementMap":{"0":{"start":{"line":6,"column":0},"end":{"line":47,"column":2}},"1":{"start":{"line":8,"column":4},"end":{"line":45,"column":6}},"2":{"start":{"line":10,"column":19},"end":{"line":10,"column":56}},"3":{"start":{"line":11,"column":21},"end":{"line":11,"column":33}},"4":{"start":{"line":12,"column":8},"end":{"line":12,"column":39}},"5":{"start":{"line":13,"column":8},"end":{"line":13,"column":30}},"6":{"start":{"line":14,"column":8},"end":{"line":14,"column":30}},"7":{"start":{"line":15,"column":8},"end":{"line":15,"column":29}},"8":{"start":{"line":16,"column":8},"end":{"line":16,"column":43}},"9":{"start":{"line":19,"column":19},"end":{"line":19,"column":56}},"10":{"start":{"line":20,"column":21},"end":{"line":20,"column":33}},"11":{"start":{"line":21,"column":8},"end":{"line":21,"column":39}},"12":{"start":{"line":22,"column":8},"end":{"line":22,"column":30}},"13":{"start":{"line":23,"column":8},"end":{"line":23,"column":30}},"14":{"start":{"line":24,"column":8},"end":{"line":24,"column":29}},"15":{"start":{"line":25,"column":8},"end":{"line":25,"column":43}},"16":{"start":{"line":28,"column":19},"end":{"line":28,"column":56}},"17":{"start":{"line":29,"column":21},"end":{"line":29,"column":33}},"18":{"start":{"line":30,"column":8},"end":{"line":30,"column":39}},"19":{"start":{"line":31,"column":8},"end":{"line":31,"column":30}},"20":{"start":{"line":32,"column":8},"end":{"line":32,"column":30}},"21":{"start":{"line":33,"column":8},"end":{"line":33,"column":29}},"22":{"start":{"line":34,"column":8},"end":{"line":34,"column":43}},"23":{"start":{"line":37,"column":19},"end":{"line":37,"column":56}},"24":{"start":{"line":38,"column":21},"end":{"line":38,"column":33}},"25":{"start":{"line":39,"column":8},"end":{"line":39,"column":39}},"26":{"start":{"line":40,"column":8},"end":{"line":40,"column":30}},"27":{"start":{"line":41,"column":8},"end":{"line":41,"column":30}},"28":{"start":{"line":42,"column":8},"end":{"line":42,"column":29}},"29":{"start":{"line":43,"column":8},"end":{"line":43,"column":42}}},"fnMap":{"0":{"name":"(anonymous_0)","decl":{"start":{"line":7,"column":16},"end":{"line":7,"column":17}},"loc":{"start":{"line":7,"column":34},"end":{"line":46,"column":3}},"line":7},"1":{"name":"(anonymous_1)","decl":{"start":{"line":9,"column":13},"end":{"line":9,"column":14}},"loc":{"start":{"line":9,"column":24},"end":{"line":17,"column":7}},"line":9},"2":{"name":"(anonymous_2)","decl":{"start":{"line":18,"column":13},"end":{"line":18,"column":14}},"loc":{"start":{"line":18,"column":24},"end":{"line":26,"column":7}},"line":18},"3":{"name":"(anonymous_3)","decl":{"start":{"line":27,"column":12},"end":{"line":27,"column":13}},"loc":{"start":{"line":27,"column":23},"end":{"line":35,"column":7}},"line":27},"4":{"name":"(anonymous_4)","decl":{"start":{"line":36,"column":12},"end":{"line":36,"column":13}},"loc":{"start":{"line":36,"column":23},"end":{"line":44,"column":7}},"line":36}},"branchMap":{},"s":{"0":1,"1":28,"2":0,"3":0,"4":0,"5":0,"6":0,"7":0,"8":0,"9":0,"10":0,"11":0,"12":0,"13":0,"14":0,"15":0,"16":0,"17":0,"18":0,"19":0,"20":0,"21":0,"22":0,"23":0,"24":0,"25":0,"26":0,"27":0,"28":0,"29":0},"f":{"0":28,"1":0,"2":0,"3":0,"4":0},"b":{},"_coverageSchema":"43e27e138ebf9cfc5966b082cf9a028302ed4184","hash":"22c1bbff978387f126f17b72ea650183aa332b44","contentHash":"a787bbea3fca32897fc2fc885d5371c0c1be20a595449c18f35ddeaa82021520"}}